Info: Starting: Create block symbol file (.bsf)
Info: ip-generate --project-directory="C:/Users/Jashwanth/Desktop/4th sem/altera/qsys_builder/" --output-directory="C:/Users/Jashwanth/Desktop/4th sem/altera/qsys_builder/first_nios2_system/" --report-file="bsf:C:/Users/Jashwanth/Desktop/4th sem/altera/qsys_builder/first_nios2_system.bsf" --system-info=DEVICE_FAMILY="Cyclone II" --system-info=DEVICE=EP2C20F484C7 --system-info=DEVICE_SPEEDGRADE=7 --component-file="C:/Users/Jashwanth/Desktop/4th sem/altera/qsys_builder/first_nios2_system.qsys"
Progress: Loading qsys_builder/first_nios2_system.qsys
Progress: Reading input file
Progress: Adding clk_0 [clock_source 12.0]
Progress: Parameterizing module clk_0
Progress: Adding onchip_mem [altera_avalon_onchip_memory2 12.0]
Progress: Parameterizing module onchip_mem
Progress: Adding cpu [altera_nios2_qsys 12.0]
Progress: Parameterizing module cpu
Progress: Adding jtag_uart [altera_avalon_jtag_uart 12.0]
Progress: Parameterizing module jtag_uart
Progress: Adding sys_clk_timer [altera_avalon_timer 12.0]
Progress: Parameterizing module sys_clk_timer
Progress: Adding sysid [altera_avalon_sysid_qsys 12.0]
Progress: Parameterizing module sysid
Progress: Adding pio_0 [altera_avalon_pio 12.0]
Progress: Parameterizing module pio_0
Progress: Building connections
Progress: Parameterizing connections
Progress: Validating
Progress: Done reading input file
Info: first_nios2_system.onchip_mem: Memory will be initialized from onchip_mem.hex
Info: first_nios2_system.sysid: System ID will no longer be automatically assigned.
Info: first_nios2_system.sysid: Time stamp will be automatically updated when this component is generated.
Warning: first_nios2_system.pio_0: pio_0.s1 must be connected to an Avalon-MM master
Info: ip-generate succeeded.
Info: Finished: Create block symbol file (.bsf)
Info: 
Info: Starting: Create HDL design files for synthesis
Info: ip-generate --project-directory="C:/Users/Jashwanth/Desktop/4th sem/altera/qsys_builder/" --output-directory="C:/Users/Jashwanth/Desktop/4th sem/altera/qsys_builder/first_nios2_system/synthesis/" --file-set=QUARTUS_SYNTH --report-file="sopcinfo:C:/Users/Jashwanth/Desktop/4th sem/altera/qsys_builder/first_nios2_system.sopcinfo" --report-file="html:C:/Users/Jashwanth/Desktop/4th sem/altera/qsys_builder/first_nios2_system.html" --report-file="qip:C:/Users/Jashwanth/Desktop/4th sem/altera/qsys_builder/first_nios2_system/synthesis/first_nios2_system.qip" --system-info=DEVICE_FAMILY="Cyclone II" --system-info=DEVICE=EP2C20F484C7 --system-info=DEVICE_SPEEDGRADE=7 --component-file="C:/Users/Jashwanth/Desktop/4th sem/altera/qsys_builder/first_nios2_system.qsys"
Progress: Loading qsys_builder/first_nios2_system.qsys
Progress: Reading input file
Progress: Adding clk_0 [clock_source 12.0]
Progress: Parameterizing module clk_0
Progress: Adding onchip_mem [altera_avalon_onchip_memory2 12.0]
Progress: Parameterizing module onchip_mem
Progress: Adding cpu [altera_nios2_qsys 12.0]
Progress: Parameterizing module cpu
Progress: Adding jtag_uart [altera_avalon_jtag_uart 12.0]
Progress: Parameterizing module jtag_uart
Progress: Adding sys_clk_timer [altera_avalon_timer 12.0]
Progress: Parameterizing module sys_clk_timer
Progress: Adding sysid [altera_avalon_sysid_qsys 12.0]
Progress: Parameterizing module sysid
Progress: Adding pio_0 [altera_avalon_pio 12.0]
Progress: Parameterizing module pio_0
Progress: Building connections
Progress: Parameterizing connections
Progress: Validating
Progress: Done reading input file
Info: first_nios2_system.onchip_mem: Memory will be initialized from onchip_mem.hex
Info: first_nios2_system.sysid: System ID will no longer be automatically assigned.
Info: first_nios2_system.sysid: Time stamp will be automatically updated when this component is generated.
Warning: first_nios2_system.pio_0: pio_0.s1 must be connected to an Avalon-MM master
Info: first_nios2_system: Generating first_nios2_system "first_nios2_system" for QUARTUS_SYNTH
Info: pipeline_bridge_swap_transform: After transform: 7 modules, 22 connections
Info: No custom instruction connections, skipping transform 
Info: merlin_translator_transform: After transform: 14 modules, 46 connections
Info: merlin_domain_transform: After transform: 27 modules, 120 connections
Info: merlin_router_transform: After transform: 34 modules, 144 connections
Info: merlin_traffic_limiter_transform: After transform: 35 modules, 149 connections
Info: reset_adaptation_transform: After transform: 37 modules, 139 connections
Info: merlin_network_to_switch_transform: After transform: 50 modules, 167 connections
Info: limiter_update_transform: After transform: 50 modules, 168 connections
Info: merlin_interrupt_mapper_transform: After transform: 51 modules, 171 connections
Info: Starting classic module elaboration.
"c:/altera/12.0/quartus/bin/jre/bin/java.exe" -Xmx512M -classpath "c:/altera/12.0/quartus/sopc_builder/bin/sopc_builder.jar;c:/altera/12.0/quartus/sopc_builder/bin/PinAssigner.jar;c:/altera/12.0/quartus/sopc_builder/bin/sopc_wizard.jar;c:/altera/12.0/quartus/sopc_builder/bin/jptf.jar" sopc_builder.sopc_builder  -d"c:/altera/12.0/quartus/sopc_builder" -notalkback=1 -projectnameyysystem.qpf -projectpathC:/Users/JASHWA~1/AppData/Local/Temp/alt5778_1996207014299125349.dir/0001_sopclgen  --no_splash --refresh C:/Users/JASHWA~1/AppData/Local/Temp/alt5778_1996207014299125349.dir/0001_sopclgen/yysystem.v --quartus_dir="c:/altera/12.0/quartus" --sopc_perl="c:/altera/12.0/quartus/bin/perl" --sopc_lib_path="++c:/altera/12.0/quartus/../ip/altera/sopc_builder_ip+c:/altera/12.0/quartus/../ip/altera/nios2_ip"
Info: Finished elaborating classic module.
Executing: C:/altera/12.0/quartus//sopc_builder/bin/sopc_builder --classic --generate C:/Users/JASHWA~1/AppData/Local/Temp/alt5778_1996207014299125349.dir/0001_sopclgen/yysystem.ptf
Info: Running sopc_builder...
"c:/altera/12.0/quartus/bin/jre/bin/java.exe" -Xmx512M -classpath "c:/altera/12.0/quartus/sopc_builder/bin/sopc_builder.jar;c:/altera/12.0/quartus/sopc_builder/bin/PinAssigner.jar;c:/altera/12.0/quartus/sopc_builder/bin/sopc_wizard.jar;c:/altera/12.0/quartus/sopc_builder/bin/jptf.jar" sopc_builder.sopc_builder  -d"c:/altera/12.0/quartus/sopc_builder" -notalkback=1 -projectnameyysystem.qpf -projectpathC:/Users/JASHWA~1/AppData/Local/Temp/alt5778_1996207014299125349.dir/0001_sopclgen  --generate C:/Users/JASHWA~1/AppData/Local/Temp/alt5778_1996207014299125349.dir/0001_sopclgen/yysystem.v --quartus_dir="c:/altera/12.0/quartus" --sopc_perl="c:/altera/12.0/quartus/bin/perl" --sopc_lib_path="++c:/altera/12.0/quartus/../ip/altera/sopc_builder_ip+c:/altera/12.0/quartus/../ip/altera/nios2_ip"
No .sopc_builder configuration file(!)
.
# 2013.03.14 22:47:29 (*) Success: sopc_builder finished.
Info: onchip_mem: "first_nios2_system" instantiated altera_avalon_onchip_memory2 "onchip_mem"
Info: cpu: Starting RTL generation for module 'first_nios2_system_cpu'
Info: cpu:   Generation command is [exec C:/altera/12.0/quartus/../ip/altera/nios2_ip/altera_nios2/eperl.exe -I C:/altera/12.0/quartus/common/ip/altera/common/perl/5.8.3 -I C:/altera/12.0/quartus/sopc_builder/bin/europa -I C:/altera/12.0/quartus/sopc_builder/bin/perl_lib -I C:/altera/12.0/quartus/sopc_builder/bin -I C:/altera/12.0/quartus/../ip/altera/nios2_ip/altera_nios2/cpu_lib -I C:/altera/12.0/quartus/../ip/altera/nios2_ip/altera_nios2/nios_lib -I C:/altera/12.0/quartus/../ip/altera/nios2_ip/altera_nios2 -I C:/altera/12.0/quartus/../ip/altera/nios2_ip/altera_nios2 -- C:/altera/12.0/quartus/../ip/altera/nios2_ip/altera_nios2/generate_rtl.epl --name=first_nios2_system_cpu --dir=C:/Users/JASHWA~1/AppData/Local/Temp/alt5778_1996207014299125349.dir/0002_cpu_gen/ --quartus_dir=C:/altera/12.0/quartus --verilog --config=C:/Users/JASHWA~1/AppData/Local/Temp/alt5778_1996207014299125349.dir/0002_cpu_gen//first_nios2_system_cpu_processor_configuration.pl  --do_build_sim=0    --bogus  ]
Info: cpu: # 2013.03.14 22:47:31 (*) Starting Nios II generation
Info: cpu: # 2013.03.14 22:47:31 (*)   Checking for encrypted license (non-evaluation).
Info: cpu: # 2013.03.14 22:47:32 (*)   Couldn't query license setup in Quartus directory C:/altera/12.0/quartus
Info: cpu: # 2013.03.14 22:47:32 (*)   Defaulting to contents of LM_LICENSE_FILE environment variable
Info: cpu: # 2013.03.14 22:47:32 (*)   LM_LICENSE_FILE environment variable is empty
Info: cpu: # 2013.03.14 22:47:32 (*)   Encrypted license not found.  Defaulting to OCP evaluation license (produces a time-limited SOF)
Info: cpu: # 2013.03.14 22:47:32 (*)   Elaborating CPU configuration settings
Info: cpu: # 2013.03.14 22:47:32 (*)   Creating all objects for CPU
Info: cpu: # 2013.03.14 22:47:33 (*)     Pipeline frontend
Info: cpu: # 2013.03.14 22:47:35 (*)   Generating RTL from CPU objects
Info: cpu: # 2013.03.14 22:47:37 (*)   Creating encrypted RTL
Info: cpu: # 2013.03.14 22:47:38 (*) Done Nios II generation
Info: cpu: Done RTL generation for module 'first_nios2_system_cpu'
Info: cpu: "first_nios2_system" instantiated altera_nios2_qsys "cpu"
Info: Starting classic module elaboration.
"c:/altera/12.0/quartus/bin/jre/bin/java.exe" -Xmx512M -classpath "c:/altera/12.0/quartus/sopc_builder/bin/sopc_builder.jar;c:/altera/12.0/quartus/sopc_builder/bin/PinAssigner.jar;c:/altera/12.0/quartus/sopc_builder/bin/sopc_wizard.jar;c:/altera/12.0/quartus/sopc_builder/bin/jptf.jar" sopc_builder.sopc_builder  -d"c:/altera/12.0/quartus/sopc_builder" -notalkback=1 -projectnameyysystem.qpf -projectpathC:/Users/JASHWA~1/AppData/Local/Temp/alt5778_1996207014299125349.dir/0003_sopclgen  --no_splash --refresh C:/Users/JASHWA~1/AppData/Local/Temp/alt5778_1996207014299125349.dir/0003_sopclgen/yysystem.v --quartus_dir="c:/altera/12.0/quartus" --sopc_perl="c:/altera/12.0/quartus/bin/perl" --sopc_lib_path="++c:/altera/12.0/quartus/../ip/altera/sopc_builder_ip+c:/altera/12.0/quartus/../ip/altera/nios2_ip"
Info: Finished elaborating classic module.
Executing: C:/altera/12.0/quartus//sopc_builder/bin/sopc_builder --classic --generate C:/Users/JASHWA~1/AppData/Local/Temp/alt5778_1996207014299125349.dir/0003_sopclgen/yysystem.ptf
Info: Running sopc_builder...
"c:/altera/12.0/quartus/bin/jre/bin/java.exe" -Xmx512M -classpath "c:/altera/12.0/quartus/sopc_builder/bin/sopc_builder.jar;c:/altera/12.0/quartus/sopc_builder/bin/PinAssigner.jar;c:/altera/12.0/quartus/sopc_builder/bin/sopc_wizard.jar;c:/altera/12.0/quartus/sopc_builder/bin/jptf.jar" sopc_builder.sopc_builder  -d"c:/altera/12.0/quartus/sopc_builder" -notalkback=1 -projectnameyysystem.qpf -projectpathC:/Users/JASHWA~1/AppData/Local/Temp/alt5778_1996207014299125349.dir/0003_sopclgen  --generate C:/Users/JASHWA~1/AppData/Local/Temp/alt5778_1996207014299125349.dir/0003_sopclgen/yysystem.v --quartus_dir="c:/altera/12.0/quartus" --sopc_perl="c:/altera/12.0/quartus/bin/perl" --sopc_lib_path="++c:/altera/12.0/quartus/../ip/altera/sopc_builder_ip+c:/altera/12.0/quartus/../ip/altera/nios2_ip"
No .sopc_builder configuration file(!)
.
# 2013.03.14 22:47:49 (*) Success: sopc_builder finished.
Info: jtag_uart: "first_nios2_system" instantiated altera_avalon_jtag_uart "jtag_uart"
Info: Starting classic module elaboration.
"c:/altera/12.0/quartus/bin/jre/bin/java.exe" -Xmx512M -classpath "c:/altera/12.0/quartus/sopc_builder/bin/sopc_builder.jar;c:/altera/12.0/quartus/sopc_builder/bin/PinAssigner.jar;c:/altera/12.0/quartus/sopc_builder/bin/sopc_wizard.jar;c:/altera/12.0/quartus/sopc_builder/bin/jptf.jar" sopc_builder.sopc_builder  -d"c:/altera/12.0/quartus/sopc_builder" -notalkback=1 -projectnameyysystem.qpf -projectpathC:/Users/JASHWA~1/AppData/Local/Temp/alt5778_1996207014299125349.dir/0004_sopclgen  --no_splash --refresh C:/Users/JASHWA~1/AppData/Local/Temp/alt5778_1996207014299125349.dir/0004_sopclgen/yysystem.v --quartus_dir="c:/altera/12.0/quartus" --sopc_perl="c:/altera/12.0/quartus/bin/perl" --sopc_lib_path="++c:/altera/12.0/quartus/../ip/altera/sopc_builder_ip+c:/altera/12.0/quartus/../ip/altera/nios2_ip"
Info: Finished elaborating classic module.
Executing: C:/altera/12.0/quartus//sopc_builder/bin/sopc_builder --classic --generate C:/Users/JASHWA~1/AppData/Local/Temp/alt5778_1996207014299125349.dir/0004_sopclgen/yysystem.ptf
Info: Running sopc_builder...
