Flow report for nios2_quartus2_project
Fri Apr 05 23:47:58 2013
Quartus II 32-bit Version 12.0 Build 263 08/02/2012 Service Pack 2 SJ Web Edition


---------------------
; Table of Contents ;
---------------------
  1. Legal Notice
  2. Flow Summary
  3. Flow Settings
  4. Flow Non-Default Global Settings
  5. Flow Elapsed Time
  6. Flow OS Summary
  7. Flow Log



----------------
; Legal Notice ;
----------------
Copyright (C) 1991-2012 Altera Corporation
Your use of Altera Corporation's design tools, logic functions 
and other software and tools, and its AMPP partner logic 
functions, and any output files from any of the foregoing 
(including device programming or simulation files), and any 
associated documentation or information are expressly subject 
to the terms and conditions of the Altera Program License 
Subscription Agreement, Altera MegaCore Function License 
Agreement, or other applicable license agreement, including, 
without limitation, that your use is for the sole purpose of 
programming logic devices manufactured by Altera and sold by 
Altera or its authorized distributors.  Please refer to the 
applicable agreement for further details.



+------------------------------------------------------------------------------------+
; Flow Summary                                                                       ;
+------------------------------------+-----------------------------------------------+
; Flow Status                        ; Successful - Fri Apr 05 23:47:58 2013         ;
; Quartus II 32-bit Version          ; 12.0 Build 263 08/02/2012 SP 2 SJ Web Edition ;
; Revision Name                      ; nios2_quartus2_project                        ;
; Top-level Entity Name              ; nios2_quartus2_project                        ;
; Family                             ; Cyclone II                                    ;
; Device                             ; EP2C20F484C7                                  ;
; Timing Models                      ; Final                                         ;
; Total logic elements               ; 552 / 18,752 ( 3 % )                          ;
;     Total combinational functions  ; 487 / 18,752 ( 3 % )                          ;
;     Dedicated logic registers      ; 368 / 18,752 ( 2 % )                          ;
; Total registers                    ; 368                                           ;
; Total pins                         ; 9 / 315 ( 3 % )                               ;
; Total virtual pins                 ; 0                                             ;
; Total memory bits                  ; 8,208 / 239,616 ( 3 % )                       ;
; Embedded Multiplier 9-bit elements ; 0 / 52 ( 0 % )                                ;
; Total PLLs                         ; 0 / 4 ( 0 % )                                 ;
+------------------------------------+-----------------------------------------------+


+--------------------------------------------+
; Flow Settings                              ;
+-------------------+------------------------+
; Option            ; Setting                ;
+-------------------+------------------------+
; Start date & time ; 04/05/2013 23:47:24    ;
; Main task         ; Compilation            ;
; Revision Name     ; nios2_quartus2_project ;
+-------------------+------------------------+


+---------------------------------------------------------------------------------------------------------------------------------------------------------------------------------+
; Flow Non-Default Global Settings                                                                                                                                                ;
+-------------------------------------+----------------------------------------------------------------------+---------------+---------------------------------------+------------+
; Assignment Name                     ; Value                                                                ; Default Value ; Entity Name                           ; Section Id ;
+-------------------------------------+----------------------------------------------------------------------+---------------+---------------------------------------+------------+
; COMPILER_SIGNATURE_ID               ; 1097946535031.136518584405308                                        ; --            ; --                                    ; --         ;
; IP_TOOL_ENV                         ; qsys                                                                 ; --            ; altera_avalon_sc_fifo                 ; --         ;
; IP_TOOL_ENV                         ; qsys                                                                 ; --            ; altera_merlin_master_agent            ; --         ;
; IP_TOOL_ENV                         ; qsys                                                                 ; --            ; altera_merlin_master_translator       ; --         ;
; IP_TOOL_ENV                         ; qsys                                                                 ; --            ; altera_merlin_slave_agent             ; --         ;
; IP_TOOL_ENV                         ; qsys                                                                 ; --            ; altera_merlin_slave_translator        ; --         ;
; IP_TOOL_ENV                         ; qsys                                                                 ; --            ; altera_merlin_traffic_limiter         ; --         ;
; IP_TOOL_ENV                         ; qsys                                                                 ; --            ; altera_reset_controller               ; --         ;
; IP_TOOL_ENV                         ; qsys                                                                 ; --            ; first_nios2_system                    ; --         ;
; IP_TOOL_ENV                         ; qsys                                                                 ; --            ; first_nios2_system_addr_router        ; --         ;
; IP_TOOL_ENV                         ; qsys                                                                 ; --            ; first_nios2_system_addr_router_001    ; --         ;
; IP_TOOL_ENV                         ; qsys                                                                 ; --            ; first_nios2_system_cmd_xbar_demux     ; --         ;
; IP_TOOL_ENV                         ; qsys                                                                 ; --            ; first_nios2_system_cmd_xbar_demux_001 ; --         ;
; IP_TOOL_ENV                         ; qsys                                                                 ; --            ; first_nios2_system_cmd_xbar_mux       ; --         ;
; IP_TOOL_ENV                         ; qsys                                                                 ; --            ; first_nios2_system_cpu                ; --         ;
; IP_TOOL_ENV                         ; qsys                                                                 ; --            ; first_nios2_system_id_router          ; --         ;
; IP_TOOL_ENV                         ; qsys                                                                 ; --            ; first_nios2_system_id_router_002      ; --         ;
; IP_TOOL_ENV                         ; qsys                                                                 ; --            ; first_nios2_system_irq_mapper         ; --         ;
; IP_TOOL_ENV                         ; qsys                                                                 ; --            ; first_nios2_system_jtag_uart          ; --         ;
; IP_TOOL_ENV                         ; qsys                                                                 ; --            ; first_nios2_system_led_pio            ; --         ;
; IP_TOOL_ENV                         ; qsys                                                                 ; --            ; first_nios2_system_onchip_mem         ; --         ;
; IP_TOOL_ENV                         ; qsys                                                                 ; --            ; first_nios2_system_rsp_xbar_demux     ; --         ;
; IP_TOOL_ENV                         ; qsys                                                                 ; --            ; first_nios2_system_rsp_xbar_demux_002 ; --         ;
; IP_TOOL_ENV                         ; qsys                                                                 ; --            ; first_nios2_system_rsp_xbar_mux       ; --         ;
; IP_TOOL_ENV                         ; qsys                                                                 ; --            ; first_nios2_system_rsp_xbar_mux_001   ; --         ;
; IP_TOOL_ENV                         ; qsys                                                                 ; --            ; first_nios2_system_sys_clk_timer      ; --         ;
; IP_TOOL_ENV                         ; qsys                                                                 ; --            ; first_nios2_system_sysid              ; --         ;
; IP_TOOL_NAME                        ; altera_avalon_sc_fifo                                                ; --            ; altera_avalon_sc_fifo                 ; --         ;
; IP_TOOL_NAME                        ; altera_merlin_master_agent                                           ; --            ; altera_merlin_master_agent            ; --         ;
; IP_TOOL_NAME                        ; altera_merlin_master_translator                                      ; --            ; altera_merlin_master_translator       ; --         ;
; IP_TOOL_NAME                        ; altera_merlin_slave_agent                                            ; --            ; altera_merlin_slave_agent             ; --         ;
; IP_TOOL_NAME                        ; altera_merlin_slave_translator                                       ; --            ; altera_merlin_slave_translator        ; --         ;
; IP_TOOL_NAME                        ; altera_merlin_traffic_limiter                                        ; --            ; altera_merlin_traffic_limiter         ; --         ;
; IP_TOOL_NAME                        ; altera_reset_controller                                              ; --            ; altera_reset_controller               ; --         ;
; IP_TOOL_NAME                        ; qsys                                                                 ; --            ; first_nios2_system                    ; --         ;
; IP_TOOL_NAME                        ; altera_merlin_router                                                 ; --            ; first_nios2_system_addr_router        ; --         ;
; IP_TOOL_NAME                        ; altera_merlin_router                                                 ; --            ; first_nios2_system_addr_router_001    ; --         ;
; IP_TOOL_NAME                        ; altera_merlin_demultiplexer                                          ; --            ; first_nios2_system_cmd_xbar_demux     ; --         ;
; IP_TOOL_NAME                        ; altera_merlin_demultiplexer                                          ; --            ; first_nios2_system_cmd_xbar_demux_001 ; --         ;
; IP_TOOL_NAME                        ; altera_merlin_multiplexer                                            ; --            ; first_nios2_system_cmd_xbar_mux       ; --         ;
; IP_TOOL_NAME                        ; altera_nios2_qsys                                                    ; --            ; first_nios2_system_cpu                ; --         ;
; IP_TOOL_NAME                        ; altera_merlin_router                                                 ; --            ; first_nios2_system_id_router          ; --         ;
; IP_TOOL_NAME                        ; altera_merlin_router                                                 ; --            ; first_nios2_system_id_router_002      ; --         ;
; IP_TOOL_NAME                        ; altera_irq_mapper                                                    ; --            ; first_nios2_system_irq_mapper         ; --         ;
; IP_TOOL_NAME                        ; altera_avalon_jtag_uart                                              ; --            ; first_nios2_system_jtag_uart          ; --         ;
; IP_TOOL_NAME                        ; altera_avalon_pio                                                    ; --            ; first_nios2_system_led_pio            ; --         ;
; IP_TOOL_NAME                        ; altera_avalon_onchip_memory2                                         ; --            ; first_nios2_system_onchip_mem         ; --         ;
; IP_TOOL_NAME                        ; altera_merlin_demultiplexer                                          ; --            ; first_nios2_system_rsp_xbar_demux     ; --         ;
; IP_TOOL_NAME                        ; altera_merlin_demultiplexer                                          ; --            ; first_nios2_system_rsp_xbar_demux_002 ; --         ;
; IP_TOOL_NAME                        ; altera_merlin_multiplexer                                            ; --            ; first_nios2_system_rsp_xbar_mux       ; --         ;
; IP_TOOL_NAME                        ; altera_merlin_multiplexer                                            ; --            ; first_nios2_system_rsp_xbar_mux_001   ; --         ;
; IP_TOOL_NAME                        ; altera_avalon_timer                                                  ; --            ; first_nios2_system_sys_clk_timer      ; --         ;
; IP_TOOL_NAME                        ; altera_avalon_sysid_qsys                                             ; --            ; first_nios2_system_sysid              ; --         ;
; IP_TOOL_VERSION                     ; 12.0                                                                 ; --            ; altera_avalon_sc_fifo                 ; --         ;
; IP_TOOL_VERSION                     ; 12.0                                                                 ; --            ; altera_merlin_master_agent            ; --         ;
; IP_TOOL_VERSION                     ; 12.0                                                                 ; --            ; altera_merlin_master_translator       ; --         ;
; IP_TOOL_VERSION                     ; 12.0                                                                 ; --            ; altera_merlin_slave_agent             ; --         ;
; IP_TOOL_VERSION                     ; 12.0                                                                 ; --            ; altera_merlin_slave_translator        ; --         ;
; IP_TOOL_VERSION                     ; 12.0                                                                 ; --            ; altera_merlin_traffic_limiter         ; --         ;
; IP_TOOL_VERSION                     ; 12.0                                                                 ; --            ; altera_reset_controller               ; --         ;
; IP_TOOL_VERSION                     ; 12.0sp2                                                              ; --            ; first_nios2_system                    ; --         ;
; IP_TOOL_VERSION                     ; 12.0                                                                 ; --            ; first_nios2_system_addr_router        ; --         ;
; IP_TOOL_VERSION                     ; 12.0                                                                 ; --            ; first_nios2_system_addr_router_001    ; --         ;
; IP_TOOL_VERSION                     ; 12.0                                                                 ; --            ; first_nios2_system_cmd_xbar_demux     ; --         ;
; IP_TOOL_VERSION                     ; 12.0                                                                 ; --            ; first_nios2_system_cmd_xbar_demux_001 ; --         ;
; IP_TOOL_VERSION                     ; 12.0                                                                 ; --            ; first_nios2_system_cmd_xbar_mux       ; --         ;
; IP_TOOL_VERSION                     ; 12.0                                                                 ; --            ; first_nios2_system_cpu                ; --         ;
; IP_TOOL_VERSION                     ; 12.0                                                                 ; --            ; first_nios2_system_id_router          ; --         ;
; IP_TOOL_VERSION                     ; 12.0                                                                 ; --            ; first_nios2_system_id_router_002      ; --         ;
; IP_TOOL_VERSION                     ; 12.0                                                                 ; --            ; first_nios2_system_irq_mapper         ; --         ;
; IP_TOOL_VERSION                     ; 12.0                                                                 ; --            ; first_nios2_system_jtag_uart          ; --         ;
; IP_TOOL_VERSION                     ; 12.0                                                                 ; --            ; first_nios2_system_led_pio            ; --         ;
; IP_TOOL_VERSION                     ; 12.0                                                                 ; --            ; first_nios2_system_onchip_mem         ; --         ;
; IP_TOOL_VERSION                     ; 12.0                                                                 ; --            ; first_nios2_system_rsp_xbar_demux     ; --         ;
; IP_TOOL_VERSION                     ; 12.0                                                                 ; --            ; first_nios2_system_rsp_xbar_demux_002 ; --         ;
; IP_TOOL_VERSION                     ; 12.0                                                                 ; --            ; first_nios2_system_rsp_xbar_mux       ; --         ;
; IP_TOOL_VERSION                     ; 12.0                                                                 ; --            ; first_nios2_system_rsp_xbar_mux_001   ; --         ;
; IP_TOOL_VERSION                     ; 12.0                                                                 ; --            ; first_nios2_system_sys_clk_timer      ; --         ;
; IP_TOOL_VERSION                     ; 12.0                                                                 ; --            ; first_nios2_system_sysid              ; --         ;
; MAX_CORE_JUNCTION_TEMP              ; 85                                                                   ; --            ; --                                    ; --         ;
; MIN_CORE_JUNCTION_TEMP              ; 0                                                                    ; --            ; --                                    ; --         ;
; MISC_FILE                           ; first_nios2_system/synthesis/../../first_nios2_system.sopcinfo       ; --            ; --                                    ; --         ;
; MISC_FILE                           ; first_nios2_system/synthesis/../../first_nios2_system.qsys           ; --            ; --                                    ; --         ;
; PARTITION_COLOR                     ; 16764057                                                             ; --            ; --                                    ; Top        ;
; PARTITION_FITTER_PRESERVATION_LEVEL ; PLACEMENT_AND_ROUTING                                                ; --            ; --                                    ; Top        ;
; PARTITION_NETLIST_TYPE              ; SOURCE                                                               ; --            ; --                                    ; Top        ;
; SLD_INFO                            ; QSYS_NAME first_nios2_system HAS_SOPCINFO 1 GENERATION_ID 1365185748 ; --            ; first_nios2_system                    ; --         ;
; SYNTHESIS_ONLY_QIP                  ; On                                                                   ; --            ; --                                    ; --         ;
+-------------------------------------+----------------------------------------------------------------------+---------------+---------------------------------------+------------+


+-------------------------------------------------------------------------------------------------------------------------------+
; Flow Elapsed Time                                                                                                             ;
+---------------------------+--------------+-------------------------+---------------------+------------------------------------+
; Module Name               ; Elapsed Time ; Average Processors Used ; Peak Virtual Memory ; Total CPU Time (on all processors) ;
+---------------------------+--------------+-------------------------+---------------------+------------------------------------+
; Analysis & Synthesis      ; 00:00:15     ; 1.0                     ; 409 MB              ; 00:00:11                           ;
; Fitter                    ; 00:00:13     ; 1.0                     ; 424 MB              ; 00:00:12                           ;
; Assembler                 ; 00:00:03     ; 1.0                     ; 342 MB              ; 00:00:03                           ;
; TimeQuest Timing Analyzer ; 00:00:04     ; 1.0                     ; 320 MB              ; 00:00:03                           ;
; Total                     ; 00:00:35     ; --                      ; --                  ; 00:00:29                           ;
+---------------------------+--------------+-------------------------+---------------------+------------------------------------+


+----------------------------------------------------------------------------------------+
; Flow OS Summary                                                                        ;
+---------------------------+------------------+-----------+------------+----------------+
; Module Name               ; Machine Hostname ; OS Name   ; OS Version ; Processor type ;
+---------------------------+------------------+-----------+------------+----------------+
; Analysis & Synthesis      ; Jashwanth-PC     ; Windows 7 ; 6.1        ; x86_64         ;
; Fitter                    ; Jashwanth-PC     ; Windows 7 ; 6.1        ; x86_64         ;
; Assembler                 ; Jashwanth-PC     ; Windows 7 ; 6.1        ; x86_64         ;
; TimeQuest Timing Analyzer ; Jashwanth-PC     ; Windows 7 ; 6.1        ; x86_64         ;
+---------------------------+------------------+-----------+------------+----------------+


------------
; Flow Log ;
------------
quartus_map --read_settings_files=on --write_settings_files=off nios2_quartus2_project -c nios2_quartus2_project
quartus_fit --read_settings_files=off --write_settings_files=off nios2_quartus2_project -c nios2_quartus2_project
quartus_asm --read_settings_files=off --write_settings_files=off nios2_quartus2_project -c nios2_quartus2_project
quartus_sta nios2_quartus2_project -c nios2_quartus2_project



