Flow report for and_gate
Fri Mar 01 16:09:29 2013
Quartus II Version 11.0 Build 157 04/27/2011 SJ Web Edition


---------------------
; Table of Contents ;
---------------------
  1. Legal Notice
  2. Flow Summary
  3. Flow Settings
  4. Flow Non-Default Global Settings
  5. Flow Elapsed Time
  6. Flow OS Summary
  7. Flow Log



----------------
; Legal Notice ;
----------------
Copyright (C) 1991-2011 Altera Corporation
Your use of Altera Corporation's design tools, logic functions 
and other software and tools, and its AMPP partner logic 
functions, and any output files from any of the foregoing 
(including device programming or simulation files), and any 
associated documentation or information are expressly subject 
to the terms and conditions of the Altera Program License 
Subscription Agreement, Altera MegaCore Function License 
Agreement, or other applicable license agreement, including, 
without limitation, that your use is for the sole purpose of 
programming logic devices manufactured by Altera and sold by 
Altera or its authorized distributors.  Please refer to the 
applicable agreement for further details.



+--------------------------------------------------------------------------+
; Flow Summary                                                             ;
+-------------------------------+------------------------------------------+
; Flow Status                   ; Successful - Fri Mar 01 16:09:29 2013    ;
; Quartus II Version            ; 11.0 Build 157 04/27/2011 SJ Web Edition ;
; Revision Name                 ; and_gate                                 ;
; Top-level Entity Name         ; and_gate                                 ;
; Family                        ; Stratix III                              ;
; Device                        ; EP3SE50F484C2                            ;
; Timing Models                 ; Final                                    ;
; Logic utilization             ; < 1 %                                    ;
;     Combinational ALUTs       ; 2 / 38,000 ( < 1 % )                     ;
;     Memory ALUTs              ; 0 / 19,000 ( 0 % )                       ;
;     Dedicated logic registers ; 0 / 38,000 ( 0 % )                       ;
; Total registers               ; 0                                        ;
; Total pins                    ; 3 / 296 ( 1 % )                          ;
; Total virtual pins            ; 0                                        ;
; Total block memory bits       ; 0 / 5,455,872 ( 0 % )                    ;
; DSP block 18-bit elements     ; 0 / 384 ( 0 % )                          ;
; Total PLLs                    ; 0 / 4 ( 0 % )                            ;
; Total DLLs                    ; 0 / 4 ( 0 % )                            ;
+-------------------------------+------------------------------------------+


+-----------------------------------------+
; Flow Settings                           ;
+-------------------+---------------------+
; Option            ; Setting             ;
+-------------------+---------------------+
; Start date & time ; 03/01/2013 16:06:25 ;
; Main task         ; Compilation         ;
; Revision Name     ; and_gate            ;
+-------------------+---------------------+


+----------------------------------------------------------------------------------------------------------------+
; Flow Non-Default Global Settings                                                                               ;
+-------------------------------------+-------------------------------+---------------+-------------+------------+
; Assignment Name                     ; Value                         ; Default Value ; Entity Name ; Section Id ;
+-------------------------------------+-------------------------------+---------------+-------------+------------+
; COMPILER_SIGNATURE_ID               ; 1097946535031.136213418508036 ; --            ; --          ; --         ;
; MAX_CORE_JUNCTION_TEMP              ; 85                            ; --            ; --          ; --         ;
; MIN_CORE_JUNCTION_TEMP              ; 0                             ; --            ; --          ; --         ;
; NOMINAL_CORE_SUPPLY_VOLTAGE         ; 1.1V                          ; --            ; --          ; --         ;
; PARTITION_COLOR                     ; 16764057                      ; --            ; --          ; Top        ;
; PARTITION_FITTER_PRESERVATION_LEVEL ; PLACEMENT_AND_ROUTING         ; --            ; --          ; Top        ;
; PARTITION_NETLIST_TYPE              ; SOURCE                        ; --            ; --          ; Top        ;
+-------------------------------------+-------------------------------+---------------+-------------+------------+


+-------------------------------------------------------------------------------------------------------------------------------+
; Flow Elapsed Time                                                                                                             ;
+---------------------------+--------------+-------------------------+---------------------+------------------------------------+
; Module Name               ; Elapsed Time ; Average Processors Used ; Peak Virtual Memory ; Total CPU Time (on all processors) ;
+---------------------------+--------------+-------------------------+---------------------+------------------------------------+
; Analysis & Synthesis      ; 00:00:06     ; 1.0                     ; 306 MB              ; 00:00:03                           ;
; Fitter                    ; 00:00:16     ; 1.0                     ; 428 MB              ; 00:00:12                           ;
; TimeQuest Timing Analyzer ; 00:00:05     ; 1.0                     ; 326 MB              ; 00:00:03                           ;
; Assembler                 ; 00:00:07     ; 1.0                     ; 366 MB              ; 00:00:06                           ;
; I/O Assignment Analysis   ; 00:00:01     ; 1.0                     ; 326 MB              ; 00:00:01                           ;
; Total                     ; 00:00:35     ; --                      ; --                  ; 00:00:25                           ;
+---------------------------+--------------+-------------------------+---------------------+------------------------------------+


+----------------------------------------------------------------------------------------+
; Flow OS Summary                                                                        ;
+---------------------------+------------------+-----------+------------+----------------+
; Module Name               ; Machine Hostname ; OS Name   ; OS Version ; Processor type ;
+---------------------------+------------------+-----------+------------+----------------+
; Analysis & Synthesis      ; Jashwanth-PC     ; Windows 7 ; 6.1        ; x86_64         ;
; Fitter                    ; Jashwanth-PC     ; Windows 7 ; 6.1        ; x86_64         ;
; TimeQuest Timing Analyzer ; Jashwanth-PC     ; Windows 7 ; 6.1        ; x86_64         ;
; Assembler                 ; Jashwanth-PC     ; Windows 7 ; 6.1        ; x86_64         ;
; I/O Assignment Analysis   ; Jashwanth-PC     ; Windows 7 ; 6.1        ; x86_64         ;
+---------------------------+------------------+-----------+------------+----------------+


------------
; Flow Log ;
------------
quartus_map --read_settings_files=on --write_settings_files=off and_gate -c and_gate
quartus_fit --read_settings_files=off --write_settings_files=off and_gate -c and_gate
quartus_sta and_gate -c and_gate
quartus_asm --read_settings_files=off --write_settings_files=off and_gate -c and_gate
quartus_fit --read_settings_files=on --write_settings_files=off and_gate -c and_gate --check_ios



