   1               		.file	"lab1.c"
   2               	__SREG__ = 0x3f
   3               	__SP_H__ = 0x3e
   4               	__SP_L__ = 0x3d
   5               	__CCP__  = 0x34
   6               	__tmp_reg__ = 0
   7               	__zero_reg__ = 1
  15               	.Ltext0:
  16               	.global	main
  18               	main:
  19               	.LFB6:
  20               	.LM1:
  21               	/* prologue: function */
  22               	/* frame size = 0 */
  23               	.LM2:
  24 0000 81E0      		ldi r24,lo8(1)
  25 0002 81BB      		out 49-32,r24
  26               	.LM3:
  27 0004 10BE      		out 80-32,__zero_reg__
  28               	.L5:
  29               	.LM4:
  30 0006 819B      		sbis 48-32,1
  31 0008 00C0      		rjmp .L2
  32               	.LM5:
  33 000a 82BB      		out 50-32,r24
  34 000c 00C0      		rjmp .L5
  35               	.L2:
  36               	.LM6:
  37 000e 12BA      		out 50-32,__zero_reg__
  38 0010 00C0      		rjmp .L5
  39               	.LFE6:
  65               	.Letext0:
DEFINED SYMBOLS
                            *ABS*:00000000 lab1.c
C:\Users\SIDDAR~1\AppData\Local\Temp/ccGDxLcV.s:2      *ABS*:0000003f __SREG__
C:\Users\SIDDAR~1\AppData\Local\Temp/ccGDxLcV.s:3      *ABS*:0000003e __SP_H__
C:\Users\SIDDAR~1\AppData\Local\Temp/ccGDxLcV.s:4      *ABS*:0000003d __SP_L__
C:\Users\SIDDAR~1\AppData\Local\Temp/ccGDxLcV.s:5      *ABS*:00000034 __CCP__
C:\Users\SIDDAR~1\AppData\Local\Temp/ccGDxLcV.s:6      *ABS*:00000000 __tmp_reg__
C:\Users\SIDDAR~1\AppData\Local\Temp/ccGDxLcV.s:7      *ABS*:00000001 __zero_reg__
C:\Users\SIDDAR~1\AppData\Local\Temp/ccGDxLcV.s:18     .text:00000000 main

NO UNDEFINED SYMBOLS
