   1               		.file	"usart_tabish.c"
   2               	__SREG__ = 0x3f
   3               	__SP_H__ = 0x3e
   4               	__SP_L__ = 0x3d
   5               	__CCP__  = 0x34
   6               	__tmp_reg__ = 0
   7               	__zero_reg__ = 1
  15               	.Ltext0:
  16               	.global	toggle
  18               	toggle:
  19               	.LFB6:
  20               	.LM1:
  21               	/* prologue: function */
  22               	/* frame size = 0 */
  23               	.LM2:
  24 0000 AD9A      		sbi 53-32,5
  25               	.LBB63:
  26               	.LBB64:
  27               	.LBB65:
  28               	.LBB66:
  29               	.LM3:
  30 0002 80E3      		ldi r24,lo8(30000)
  31 0004 95E7      		ldi r25,hi8(30000)
  32               	.LVL0:
  33               	/* #APP */
  34               	 ;  105 "c:/winavr-20100110/lib/gcc/../../avr/include/util/delay_basic.h" 1
  35 0006 0197      		1: sbiw r24,1
  36 0008 01F4      		brne 1b
  37               	 ;  0 "" 2
  38               	/* #NOAPP */
  39               	.LBE66:
  40               	.LBE65:
  41               	.LBE64:
  42               	.LBE63:
  43               	.LM4:
  44 000a AD98      		cbi 53-32,5
  45               	/* epilogue start */
  46               	.LM5:
  47 000c 0895      		ret
  48               	.LFE6:
  50               	.global	set_rs
  52               	set_rs:
  53               	.LFB7:
  54               	.LM6:
  55               	/* prologue: function */
  56               	/* frame size = 0 */
  57               	.LM7:
  58 000e AF9A      		sbi 53-32,7
  59               	/* epilogue start */
  60               	.LM8:
  61 0010 0895      		ret
  62               	.LFE7:
  64               	.global	clear_rs
  66               	clear_rs:
  67               	.LFB8:
  68               	.LM9:
  69               	/* prologue: function */
  70               	/* frame size = 0 */
  71               	.LM10:
  72 0012 AF98      		cbi 53-32,7
  73               	/* epilogue start */
  74               	.LM11:
  75 0014 0895      		ret
  76               	.LFE8:
  78               	.global	clear_rw
  80               	clear_rw:
  81               	.LFB9:
  82               	.LM12:
  83               	/* prologue: function */
  84               	/* frame size = 0 */
  85               	.LM13:
  86 0016 AE98      		cbi 53-32,6
  87               	/* epilogue start */
  88               	.LM14:
  89 0018 0895      		ret
  90               	.LFE9:
  92               	.global	set_rw
  94               	set_rw:
  95               	.LFB10:
  96               	.LM15:
  97               	/* prologue: function */
  98               	/* frame size = 0 */
  99               	.LM16:
 100 001a AE9A      		sbi 53-32,6
 101               	/* epilogue start */
 102               	.LM17:
 103 001c 0895      		ret
 104               	.LFE10:
 106               	.global	LCD_Send
 108               	LCD_Send:
 109               	.LFB11:
 110               	.LM18:
 111               	.LVL1:
 112               	/* prologue: function */
 113               	/* frame size = 0 */
 114               	.LM19:
 115 001e 982F      		mov r25,r24
 116               	.LVL2:
 117 0020 9295      		swap r25
 118 0022 9F70      		andi r25,lo8(15)
 119               	.LM20:
 120 0024 482F      		mov r20,r24
 121               	.LVL3:
 122 0026 4F70      		andi r20,lo8(15)
 123               	.LM21:
 124 0028 6115      		cp r22,__zero_reg__
 125 002a 7105      		cpc r23,__zero_reg__
 126 002c 01F4      		brne .L12
 127               	.LM22:
 128 002e 85B3      		in r24,53-32
 129               	.LVL4:
 130 0030 807F      		andi r24,lo8(-16)
 131 0032 982B      		or r25,r24
 132 0034 95BB      		out 53-32,r25
 133               	.LBB67:
 134               	.LBB68:
 135               	.LM23:
 136 0036 AF98      		cbi 53-32,7
 137               	.LBE68:
 138               	.LBE67:
 139               	.LBB69:
 140               	.LBB70:
 141               	.LM24:
 142 0038 AE98      		cbi 53-32,6
 143               	.LBE70:
 144               	.LBE69:
 145               	.LBB71:
 146               	.LBB72:
 147               	.LM25:
 148 003a AD9A      		sbi 53-32,5
 149               	.LBB73:
 150               	.LBB74:
 151               	.LBB75:
 152               	.LBB76:
 153               	.LM26:
 154 003c 20E3      		ldi r18,lo8(30000)
 155 003e 35E7      		ldi r19,hi8(30000)
 156 0040 C901      		movw r24,r18
 157               	.LVL5:
 158               	/* #APP */
 159               	 ;  105 "c:/winavr-20100110/lib/gcc/../../avr/include/util/delay_basic.h" 1
 160 0042 0197      		1: sbiw r24,1
 161 0044 01F4      		brne 1b
 162               	 ;  0 "" 2
 163               	/* #NOAPP */
 164               	.LBE76:
 165               	.LBE75:
 166               	.LBE74:
 167               	.LBE73:
 168               	.LM27:
 169 0046 AD98      		cbi 53-32,5
 170               	.LBE72:
 171               	.LBE71:
 172               	.LM28:
 173 0048 85B3      		in r24,53-32
 174               	.LVL6:
 175 004a 807F      		andi r24,lo8(-16)
 176 004c 482B      		or r20,r24
 177 004e 45BB      		out 53-32,r20
 178               	.LBB77:
 179               	.LBB78:
 180               	.LM29:
 181 0050 AF98      		cbi 53-32,7
 182               	.LBE78:
 183               	.LBE77:
 184               	.LBB79:
 185               	.LBB80:
 186               	.LM30:
 187 0052 AE98      		cbi 53-32,6
 188               	.LBE80:
 189               	.LBE79:
 190               	.LBB81:
 191               	.LBB82:
 192               	.LM31:
 193 0054 AD9A      		sbi 53-32,5
 194               	.LBB83:
 195               	.LBB84:
 196               	.LBB85:
 197               	.LBB86:
 198               	.LM32:
 199 0056 C901      		movw r24,r18
 200               	.LVL7:
 201               	/* #APP */
 202               	 ;  105 "c:/winavr-20100110/lib/gcc/../../avr/include/util/delay_basic.h" 1
 203 0058 0197      		1: sbiw r24,1
 204 005a 01F4      		brne 1b
 205               	 ;  0 "" 2
 206               	/* #NOAPP */
 207               	.LBE86:
 208               	.LBE85:
 209               	.LBE84:
 210               	.LBE83:
 211               	.LM33:
 212 005c AD98      		cbi 53-32,5
 213 005e 0895      		ret
 214               	.LVL8:
 215               	.L12:
 216               	.LBE82:
 217               	.LBE81:
 218               	.LM34:
 219 0060 6130      		cpi r22,1
 220 0062 7105      		cpc r23,__zero_reg__
 221 0064 01F4      		brne .L14
 222               	.LM35:
 223 0066 85B3      		in r24,53-32
 224               	.LVL9:
 225 0068 807F      		andi r24,lo8(-16)
 226 006a 982B      		or r25,r24
 227 006c 95BB      		out 53-32,r25
 228               	.LBB87:
 229               	.LBB88:
 230               	.LM36:
 231 006e AF9A      		sbi 53-32,7
 232               	.LBE88:
 233               	.LBE87:
 234               	.LBB89:
 235               	.LBB90:
 236               	.LM37:
 237 0070 AE98      		cbi 53-32,6
 238               	.LBE90:
 239               	.LBE89:
 240               	.LBB91:
 241               	.LBB92:
 242               	.LM38:
 243 0072 AD9A      		sbi 53-32,5
 244               	.LBB93:
 245               	.LBB94:
 246               	.LBB95:
 247               	.LBB96:
 248               	.LM39:
 249 0074 20E3      		ldi r18,lo8(30000)
 250 0076 35E7      		ldi r19,hi8(30000)
 251 0078 C901      		movw r24,r18
 252               	.LVL10:
 253               	/* #APP */
 254               	 ;  105 "c:/winavr-20100110/lib/gcc/../../avr/include/util/delay_basic.h" 1
 255 007a 0197      		1: sbiw r24,1
 256 007c 01F4      		brne 1b
 257               	 ;  0 "" 2
 258               	/* #NOAPP */
 259               	.LBE96:
 260               	.LBE95:
 261               	.LBE94:
 262               	.LBE93:
 263               	.LM40:
 264 007e AD98      		cbi 53-32,5
 265               	.LBE92:
 266               	.LBE91:
 267               	.LM41:
 268 0080 85B3      		in r24,53-32
 269               	.LVL11:
 270 0082 807F      		andi r24,lo8(-16)
 271 0084 482B      		or r20,r24
 272 0086 45BB      		out 53-32,r20
 273               	.LBB97:
 274               	.LBB98:
 275               	.LM42:
 276 0088 AF9A      		sbi 53-32,7
 277               	.LBE98:
 278               	.LBE97:
 279               	.LBB99:
 280               	.LBB100:
 281               	.LM43:
 282 008a AE98      		cbi 53-32,6
 283               	.LBE100:
 284               	.LBE99:
 285               	.LBB101:
 286               	.LBB102:
 287               	.LM44:
 288 008c AD9A      		sbi 53-32,5
 289               	.LBB103:
 290               	.LBB104:
 291               	.LBB105:
 292               	.LBB106:
 293               	.LM45:
 294 008e C901      		movw r24,r18
 295               	.LVL12:
 296               	/* #APP */
 297               	 ;  105 "c:/winavr-20100110/lib/gcc/../../avr/include/util/delay_basic.h" 1
 298 0090 0197      		1: sbiw r24,1
 299 0092 01F4      		brne 1b
 300               	 ;  0 "" 2
 301               	/* #NOAPP */
 302               	.LBE106:
 303               	.LBE105:
 304               	.LBE104:
 305               	.LBE103:
 306               	.LM46:
 307 0094 AD98      		cbi 53-32,5
 308               	.LVL13:
 309               	.L14:
 310 0096 0895      		ret
 311               	.LBE102:
 312               	.LBE101:
 313               	.LFE11:
 315               	.global	LCD_init
 317               	LCD_init:
 318               	.LFB12:
 319               	.LM47:
 320               	/* prologue: function */
 321               	/* frame size = 0 */
 322               	.LM48:
 323 0098 8FEF      		ldi r24,lo8(-1)
 324 009a 84BB      		out 52-32,r24
 325               	.LBB107:
 326               	.LBB108:
 327               	.LM49:
 328 009c AF98      		cbi 53-32,7
 329               	.LBE108:
 330               	.LBE107:
 331               	.LBB109:
 332               	.LBB110:
 333               	.LM50:
 334 009e AE98      		cbi 53-32,6
 335               	.LBE110:
 336               	.LBE109:
 337               	.LM51:
 338 00a0 81E0      		ldi r24,lo8(1)
 339 00a2 60E0      		ldi r22,lo8(0)
 340 00a4 70E0      		ldi r23,hi8(0)
 341 00a6 0E94 0000 		call LCD_Send
 342               	.LM52:
 343 00aa 8FE0      		ldi r24,lo8(15)
 344 00ac 60E0      		ldi r22,lo8(0)
 345 00ae 70E0      		ldi r23,hi8(0)
 346 00b0 0E94 0000 		call LCD_Send
 347               	.LM53:
 348 00b4 88E2      		ldi r24,lo8(40)
 349 00b6 60E0      		ldi r22,lo8(0)
 350 00b8 70E0      		ldi r23,hi8(0)
 351 00ba 0E94 0000 		call LCD_Send
 352               	/* epilogue start */
 353               	.LM54:
 354 00be 0895      		ret
 355               	.LFE12:
 357               	.global	LCD_GotoXY
 359               	LCD_GotoXY:
 360               	.LFB14:
 361               	.LM55:
 362               	.LVL14:
 363               	/* prologue: function */
 364               	/* frame size = 0 */
 365               	.LM56:
 366 00c0 6130      		cpi r22,1
 367 00c2 7105      		cpc r23,__zero_reg__
 368 00c4 01F4      		brne .L18
 369               	.LM57:
 370 00c6 8158      		subi r24,lo8(-(127))
 371               	.LVL15:
 372 00c8 60E0      		ldi r22,lo8(0)
 373 00ca 70E0      		ldi r23,hi8(0)
 374               	.LVL16:
 375 00cc 0E94 0000 		call LCD_Send
 376 00d0 0895      		ret
 377               	.LVL17:
 378               	.L18:
 379               	.LM58:
 380 00d2 6230      		cpi r22,2
 381 00d4 7105      		cpc r23,__zero_reg__
 382 00d6 01F4      		brne .L20
 383               	.LM59:
 384 00d8 8154      		subi r24,lo8(-(-65))
 385               	.LVL18:
 386 00da 60E0      		ldi r22,lo8(0)
 387 00dc 70E0      		ldi r23,hi8(0)
 388               	.LVL19:
 389 00de 0E94 0000 		call LCD_Send
 390               	.LVL20:
 391               	.L20:
 392 00e2 0895      		ret
 393               	.LFE14:
 395               	.global	usart_init
 397               	usart_init:
 398               	.LFB17:
 399               	.LM60:
 400               	.LVL21:
 401               	/* prologue: function */
 402               	/* frame size = 0 */
 403               	.LM61:
 404 00e4 90BD      		out 64-32,r25
 405               	.LVL22:
 406               	.LM62:
 407 00e6 89B9      		out 41-32,r24
 408               	.LM63:
 409 00e8 8AB1      		in r24,42-32
 410               	.LVL23:
 411 00ea 8861      		ori r24,lo8(24)
 412 00ec 8AB9      		out 42-32,r24
 413               	.LM64:
 414 00ee 8EE8      		ldi r24,lo8(-114)
 415 00f0 80BD      		out 64-32,r24
 416               	/* epilogue start */
 417               	.LM65:
 418 00f2 0895      		ret
 419               	.LFE17:
 421               	.global	transmit_byte
 423               	transmit_byte:
 424               	.LFB18:
 425               	.LM66:
 426               	.LVL24:
 427               	/* prologue: function */
 428               	/* frame size = 0 */
 429 00f4 9C01      		movw r18,r24
 430               	.LVL25:
 431               	.L24:
 432               	.LM67:
 433 00f6 5D9B      		sbis 43-32,5
 434 00f8 00C0      		rjmp .L24
 435               	.LM68:
 436 00fa 822F      		mov r24,r18
 437               	.LVL26:
 438 00fc 8F71      		andi r24,lo8(31)
 439               	.LM69:
 440 00fe 8CB9      		out 44-32,r24
 441               	.L25:
 442               	.LM70:
 443 0100 5D9B      		sbis 43-32,5
 444 0102 00C0      		rjmp .L25
 445               	.LM71:
 446 0104 85E0      		ldi r24,5
 447 0106 3695      	1:	lsr r19
 448 0108 2795      		ror r18
 449 010a 8A95      		dec r24
 450 010c 01F4      		brne 1b
 451               	.LVL27:
 452 010e 822F      		mov r24,r18
 453               	.LVL28:
 454 0110 8F71      		andi r24,lo8(31)
 455               	.LM72:
 456 0112 8068      		ori r24,lo8(-128)
 457               	.LM73:
 458 0114 8CB9      		out 44-32,r24
 459               	/* epilogue start */
 460               	.LM74:
 461 0116 0895      		ret
 462               	.LFE18:
 464               	.global	main
 466               	main:
 467               	.LFB16:
 468               	.LM75:
 469 0118 CF93      		push r28
 470 011a DF93      		push r29
 471               	/* prologue: function */
 472               	/* frame size = 0 */
 473               	.LM76:
 474 011c 82E0      		ldi r24,lo8(2)
 475 011e 81BB      		out 49-32,r24
 476               	.LM77:
 477 0120 1ABA      		out 58-32,__zero_reg__
 478               	.LM78:
 479 0122 8FEF      		ldi r24,lo8(-1)
 480 0124 84BB      		out 52-32,r24
 481               	.LM79:
 482 0126 80EC      		ldi r24,lo8(-64)
 483 0128 87B9      		out 39-32,r24
 484               	.LM80:
 485 012a 379A      		sbi 38-32,7
 486               	.LBB111:
 487               	.LBB112:
 488               	.LM81:
 489 012c 10BC      		out 64-32,__zero_reg__
 490               	.LM82:
 491 012e 8CE0      		ldi r24,lo8(12)
 492 0130 89B9      		out 41-32,r24
 493               	.LM83:
 494 0132 8AB1      		in r24,42-32
 495 0134 8861      		ori r24,lo8(24)
 496 0136 8AB9      		out 42-32,r24
 497               	.LM84:
 498 0138 8EE8      		ldi r24,lo8(-114)
 499 013a 80BD      		out 64-32,r24
 500               	.LBE112:
 501               	.LBE111:
 502               	.LBB113:
 503               	.LM85:
 504 013c CFEF      		ldi r28,lo8(1023)
 505 013e D3E0      		ldi r29,hi8(1023)
 506               	.L31:
 507               	.LM86:
 508 0140 369A      		sbi 38-32,6
 509               	.L30:
 510               	.LM87:
 511 0142 349B      		sbis 38-32,4
 512 0144 00C0      		rjmp .L30
 513               	.LM88:
 514 0146 84B1      		in r24,36-32
 515 0148 95B1      		in r25,(36)+1-32
 516               	.LM89:
 517 014a 9E01      		movw r18,r28
 518 014c 281B      		sub r18,r24
 519 014e 390B      		sbc r19,r25
 520 0150 C901      		movw r24,r18
 521 0152 6CE3      		ldi r22,lo8(60)
 522 0154 70E0      		ldi r23,hi8(60)
 523 0156 0E94 0000 		call __divmodhi4
 524 015a CB01      		movw r24,r22
 525 015c 0E94 0000 		call transmit_byte
 526 0160 00C0      		rjmp .L31
 527               	.LBE113:
 528               	.LFE16:
 530               	.global	LCD_Send_String
 532               	LCD_Send_String:
 533               	.LFB13:
 534               	.LM90:
 535               	.LVL29:
 536 0162 EF92      		push r14
 537 0164 FF92      		push r15
 538 0166 0F93      		push r16
 539 0168 1F93      		push r17
 540 016a CF93      		push r28
 541 016c DF93      		push r29
 542               	/* prologue: function */
 543               	/* frame size = 0 */
 544 016e 7C01      		movw r14,r24
 545               	.LM91:
 546 0170 DC01      		movw r26,r24
 547 0172 0D90      		ld __tmp_reg__,X+
 548 0174 0020      		tst __tmp_reg__
 549 0176 01F4      		brne .-6
 550 0178 8D01      		movw r16,r26
 551               	.LVL30:
 552 017a 0150      		subi r16,lo8(-(-1))
 553 017c 1040      		sbci r17,hi8(-(-1))
 554 017e 081B      		sub r16,r24
 555 0180 190B      		sbc r17,r25
 556 0182 C0E0      		ldi r28,lo8(0)
 557 0184 D0E0      		ldi r29,hi8(0)
 558               	.LVL31:
 559 0186 00C0      		rjmp .L35
 560               	.L36:
 561               	.LM92:
 562 0188 F701      		movw r30,r14
 563 018a EC0F      		add r30,r28
 564 018c FD1F      		adc r31,r29
 565 018e 8081      		ld r24,Z
 566               	.LVL32:
 567 0190 61E0      		ldi r22,lo8(1)
 568 0192 70E0      		ldi r23,hi8(1)
 569 0194 0E94 0000 		call LCD_Send
 570               	.LM93:
 571 0198 2196      		adiw r28,1
 572               	.LVL33:
 573               	.L35:
 574 019a C017      		cp r28,r16
 575 019c D107      		cpc r29,r17
 576 019e 04F0      		brlt .L36
 577               	.LVL34:
 578               	/* epilogue start */
 579               	.LM94:
 580 01a0 DF91      		pop r29
 581 01a2 CF91      		pop r28
 582               	.LVL35:
 583 01a4 1F91      		pop r17
 584 01a6 0F91      		pop r16
 585               	.LVL36:
 586 01a8 FF90      		pop r15
 587 01aa EF90      		pop r14
 588 01ac 0895      		ret
 589               	.LFE13:
 591               	.global	LCD_Print
 593               	LCD_Print:
 594               	.LFB15:
 595               	.LM95:
 596               	.LVL37:
 597 01ae 0F93      		push r16
 598 01b0 1F93      		push r17
 599 01b2 DF93      		push r29
 600 01b4 CF93      		push r28
 601 01b6 CDB7      		in r28,__SP_L__
 602 01b8 DEB7      		in r29,__SP_H__
 603 01ba C656      		subi r28,lo8(-(-102))
 604 01bc D040      		sbci r29,hi8(-(-102))
 605 01be 0FB6      		in __tmp_reg__,__SREG__
 606 01c0 F894      		cli
 607 01c2 DEBF      		out __SP_H__,r29
 608 01c4 0FBE      		out __SREG__,__tmp_reg__
 609 01c6 CDBF      		out __SP_L__,r28
 610               	/* prologue: function */
 611               	/* frame size = 102 */
 612 01c8 8C01      		movw r16,r24
 613 01ca CB01      		movw r24,r22
 614               	.LVL38:
 615               	.LM96:
 616 01cc BA01      		movw r22,r20
 617               	.LVL39:
 618 01ce 0E94 0000 		call LCD_GotoXY
 619               	.LVL40:
 620               	.LM97:
 621 01d2 17FF      		sbrs r17,7
 622 01d4 00C0      		rjmp .L39
 623               	.LBB114:
 624               	.LM98:
 625 01d6 8DE2      		ldi r24,lo8(45)
 626 01d8 8983      		std Y+1,r24
 627 01da 1A82      		std Y+2,__zero_reg__
 628               	.LM99:
 629 01dc CE01      		movw r24,r28
 630 01de 0196      		adiw r24,1
 631 01e0 0E94 0000 		call LCD_Send_String
 632               	.LM100:
 633 01e4 1095      		com r17
 634 01e6 0195      		neg r16
 635 01e8 1F4F      		sbci r17,lo8(-1)
 636               	.L39:
 637               	.LBE114:
 638               	.LM101:
 639 01ea C801      		movw r24,r16
 640 01ec BE01      		movw r22,r28
 641 01ee 6D5F      		subi r22,lo8(-(3))
 642 01f0 7F4F      		sbci r23,hi8(-(3))
 643 01f2 4AE0      		ldi r20,lo8(10)
 644 01f4 50E0      		ldi r21,hi8(10)
 645 01f6 0E94 0000 		call itoa
 646 01fa 0E94 0000 		call LCD_Send_String
 647               	/* epilogue start */
 648               	.LM102:
 649 01fe CA59      		subi r28,lo8(-(102))
 650 0200 DF4F      		sbci r29,hi8(-(102))
 651 0202 0FB6      		in __tmp_reg__,__SREG__
 652 0204 F894      		cli
 653 0206 DEBF      		out __SP_H__,r29
 654 0208 0FBE      		out __SREG__,__tmp_reg__
 655 020a CDBF      		out __SP_L__,r28
 656 020c CF91      		pop r28
 657 020e DF91      		pop r29
 658 0210 1F91      		pop r17
 659 0212 0F91      		pop r16
 660               	.LVL41:
 661 0214 0895      		ret
 662               	.LFE15:
 784               	.Letext0:
DEFINED SYMBOLS
                            *ABS*:00000000 usart_tabish.c
C:\Users\JASHWA~1\AppData\Local\Temp/ccZD8bvO.s:2      *ABS*:0000003f __SREG__
C:\Users\JASHWA~1\AppData\Local\Temp/ccZD8bvO.s:3      *ABS*:0000003e __SP_H__
C:\Users\JASHWA~1\AppData\Local\Temp/ccZD8bvO.s:4      *ABS*:0000003d __SP_L__
C:\Users\JASHWA~1\AppData\Local\Temp/ccZD8bvO.s:5      *ABS*:00000034 __CCP__
C:\Users\JASHWA~1\AppData\Local\Temp/ccZD8bvO.s:6      *ABS*:00000000 __tmp_reg__
C:\Users\JASHWA~1\AppData\Local\Temp/ccZD8bvO.s:7      *ABS*:00000001 __zero_reg__
C:\Users\JASHWA~1\AppData\Local\Temp/ccZD8bvO.s:18     .text:00000000 toggle
C:\Users\JASHWA~1\AppData\Local\Temp/ccZD8bvO.s:52     .text:0000000e set_rs
C:\Users\JASHWA~1\AppData\Local\Temp/ccZD8bvO.s:66     .text:00000012 clear_rs
C:\Users\JASHWA~1\AppData\Local\Temp/ccZD8bvO.s:80     .text:00000016 clear_rw
C:\Users\JASHWA~1\AppData\Local\Temp/ccZD8bvO.s:94     .text:0000001a set_rw
C:\Users\JASHWA~1\AppData\Local\Temp/ccZD8bvO.s:108    .text:0000001e LCD_Send
C:\Users\JASHWA~1\AppData\Local\Temp/ccZD8bvO.s:317    .text:00000098 LCD_init
C:\Users\JASHWA~1\AppData\Local\Temp/ccZD8bvO.s:359    .text:000000c0 LCD_GotoXY
C:\Users\JASHWA~1\AppData\Local\Temp/ccZD8bvO.s:397    .text:000000e4 usart_init
C:\Users\JASHWA~1\AppData\Local\Temp/ccZD8bvO.s:423    .text:000000f4 transmit_byte
C:\Users\JASHWA~1\AppData\Local\Temp/ccZD8bvO.s:466    .text:00000118 main
C:\Users\JASHWA~1\AppData\Local\Temp/ccZD8bvO.s:532    .text:00000162 LCD_Send_String
C:\Users\JASHWA~1\AppData\Local\Temp/ccZD8bvO.s:593    .text:000001ae LCD_Print

UNDEFINED SYMBOLS
__divmodhi4
itoa
