Release 13.3 - xst O.76xd (nt64)
Copyright (c) 1995-2011 Xilinx, Inc.  All rights reserved.
--> Parameter TMPDIR set to xst/projnav.tmp


Total REAL time to Xst completion: 0.00 secs
Total CPU time to Xst completion: 0.11 secs
 
--> Parameter xsthdpdir set to xst


Total REAL time to Xst completion: 0.00 secs
Total CPU time to Xst completion: 0.11 secs
 
--> Reading design: led_displays.prj

TABLE OF CONTENTS
  1) Synthesis Options Summary
  2) HDL Compilation
  3) Design Hierarchy Analysis
  4) HDL Analysis
  5) HDL Synthesis
     5.1) HDL Synthesis Report
  6) Advanced HDL Synthesis
     6.1) Advanced HDL Synthesis Report
  7) Low Level Synthesis
  8) Partition Report
  9) Final Report
	9.1) Device utilization summary
	9.2) Partition Resource Summary
	9.3) TIMING REPORT


=========================================================================
*                      Synthesis Options Summary                        *
=========================================================================
---- Source Parameters
Input File Name                    : "led_displays.prj"
Input Format                       : mixed
Ignore Synthesis Constraint File   : NO

---- Target Parameters
Output File Name                   : "led_displays"
Output Format                      : NGC
Target Device                      : xc3s500e-4-fg320

---- Source Options
Top Module Name                    : led_displays
Automatic FSM Extraction           : YES
FSM Encoding Algorithm             : Auto
Safe Implementation                : No
FSM Style                          : LUT
RAM Extraction                     : Yes
RAM Style                          : Auto
ROM Extraction                     : Yes
Mux Style                          : Auto
Decoder Extraction                 : YES
Priority Encoder Extraction        : Yes
Shift Register Extraction          : YES
Logical Shifter Extraction         : YES
XOR Collapsing                     : YES
ROM Style                          : Auto
Mux Extraction                     : Yes
Resource Sharing                   : YES
Asynchronous To Synchronous        : NO
Multiplier Style                   : Auto
Automatic Register Balancing       : No

---- Target Options
Add IO Buffers                     : YES
Global Maximum Fanout              : 500
Add Generic Clock Buffer(BUFG)     : 24
Register Duplication               : YES
Slice Packing                      : YES
Optimize Instantiated Primitives   : NO
Use Clock Enable                   : Yes
Use Synchronous Set                : Yes
Use Synchronous Reset              : Yes
Pack IO Registers into IOBs        : Auto
Equivalent register Removal        : YES

---- General Options
Optimization Goal                  : Speed
Optimization Effort                : 1
Keep Hierarchy                     : No
Netlist Hierarchy                  : As_Optimized
RTL Output                         : Yes
Global Optimization                : AllClockNets
Read Cores                         : YES
Write Timing Constraints           : NO
Cross Clock Analysis               : NO
Hierarchy Separator                : /
Bus Delimiter                      : <>
Case Specifier                     : Maintain
Slice Utilization Ratio            : 100
BRAM Utilization Ratio             : 100
Verilog 2001                       : YES
Auto BRAM Packing                  : NO
Slice Utilization Ratio Delta      : 5

=========================================================================


=========================================================================
*                          HDL Compilation                              *
=========================================================================
Compiling vhdl file "C:/Users/kanna/academic/Embeded/FPGA/codes_fpga/LED_DISPLAY1_2/led_displays.vhd" in Library work.
Entity <led_displays> compiled.
Entity <led_displays> (Architecture <arch>) compiled.

=========================================================================
*                     Design Hierarchy Analysis                         *
=========================================================================
Analyzing hierarchy for entity <led_displays> in library <work> (architecture <arch>).


=========================================================================
*                            HDL Analysis                               *
=========================================================================
Analyzing Entity <led_displays> in library <work> (Architecture <arch>).
Entity <led_displays> analyzed. Unit <led_displays> generated.


=========================================================================
*                           HDL Synthesis                               *
=========================================================================

Performing bidirectional port resolution...

Synthesizing Unit <led_displays>.
    Related source file is "C:/Users/kanna/academic/Embeded/FPGA/codes_fpga/LED_DISPLAY1_2/led_displays.vhd".
    Found 16x7-bit ROM for signal <seg$mux0001> created at line 80.
    Found 7-bit register for signal <seg>.
    Found 4-bit register for signal <anode>.
    Found 8-bit up counter for signal <counter>.
    Summary:
	inferred   1 ROM(s).
	inferred   1 Counter(s).
	inferred  11 D-type flip-flop(s).
Unit <led_displays> synthesized.


=========================================================================
HDL Synthesis Report

Macro Statistics
# ROMs                                                 : 1
 16x7-bit ROM                                          : 1
# Counters                                             : 1
 8-bit up counter                                      : 1
# Registers                                            : 2
 4-bit register                                        : 1
 7-bit register                                        : 1

=========================================================================

=========================================================================
*                       Advanced HDL Synthesis                          *
=========================================================================


Synthesizing (advanced) Unit <led_displays>.
INFO:Xst:3034 - In order to maximize performance and save block RAM resources, the small ROM <Mrom_seg_mux0001> will be implemented on LUT. If you want to force its implementation on block, use option/constraint rom_style.
Unit <led_displays> synthesized (advanced).

=========================================================================
Advanced HDL Synthesis Report

Macro Statistics
# ROMs                                                 : 1
 16x7-bit ROM                                          : 1
# Counters                                             : 1
 8-bit up counter                                      : 1
# Registers                                            : 11
 Flip-Flops                                            : 11

=========================================================================

=========================================================================
*                         Low Level Synthesis                           *
=========================================================================

Optimizing unit <led_displays> ...

Mapping all equations...
Building and optimizing final netlist ...
Found area constraint ratio of 100 (+ 5) on block led_displays, actual ratio is 0.

Final Macro Processing ...

=========================================================================
Final Register Report

Macro Statistics
# Registers                                            : 19
 Flip-Flops                                            : 19

=========================================================================

=========================================================================
*                           Partition Report                            *
=========================================================================

Partition Implementation Status
-------------------------------

  No Partitions were found in this design.

-------------------------------

=========================================================================
*                            Final Report                               *
=========================================================================
Final Results
RTL Top Level Output File Name     : led_displays.ngr
Top Level Output File Name         : led_displays
Output Format                      : NGC
Optimization Goal                  : Speed
Keep Hierarchy                     : No

Design Statistics
# IOs                              : 21

Cell Usage :
# BELS                             : 51
#      GND                         : 1
#      INV                         : 2
#      LUT1                        : 7
#      LUT2                        : 1
#      LUT4                        : 16
#      LUT4_L                      : 1
#      MUXCY                       : 7
#      MUXF5                       : 7
#      VCC                         : 1
#      XORCY                       : 8
# FlipFlops/Latches                : 19
#      FDE                         : 7
#      FDR                         : 8
#      FDRE                        : 1
#      FDSE                        : 3
# Clock Buffers                    : 1
#      BUFGP                       : 1
# IO Buffers                       : 20
#      IBUF                        : 9
#      OBUF                        : 11
=========================================================================

Device utilization summary:
---------------------------

Selected Device : 3s500efg320-4 

 Number of Slices:                       14  out of   4656     0%  
 Number of Slice Flip Flops:             19  out of   9312     0%  
 Number of 4 input LUTs:                 27  out of   9312     0%  
 Number of IOs:                          21
 Number of bonded IOBs:                  21  out of    232     9%  
 Number of GCLKs:                         1  out of     24     4%  

---------------------------
Partition Resource Summary:
---------------------------

  No Partitions were found in this design.

---------------------------


=========================================================================
TIMING REPORT

NOTE: THESE TIMING NUMBERS ARE ONLY A SYNTHESIS ESTIMATE.
      FOR ACCURATE TIMING INFORMATION PLEASE REFER TO THE TRACE REPORT
      GENERATED AFTER PLACE-and-ROUTE.

Clock Information:
------------------
-----------------------------------+------------------------+-------+
Clock Signal                       | Clock buffer(FF name)  | Load  |
-----------------------------------+------------------------+-------+
clk                                | BUFGP                  | 19    |
-----------------------------------+------------------------+-------+

Asynchronous Control Signals Information:
----------------------------------------
No asynchronous control signals found in this design

Timing Summary:
---------------
Speed Grade: -4

   Minimum period: 4.262ns (Maximum Frequency: 234.632MHz)
   Minimum input arrival time before clock: 4.168ns
   Maximum output required time after clock: 4.394ns
   Maximum combinational path delay: No path found

Timing Detail:
--------------
All values displayed in nanoseconds (ns)

=========================================================================
Timing constraint: Default period analysis for Clock 'clk'
  Clock period: 4.262ns (frequency: 234.632MHz)
  Total number of paths / destination ports: 100 / 23
-------------------------------------------------------------------------
Delay:               4.262ns (Levels of Logic = 2)
  Source:            counter_7 (FF)
  Destination:       anode_0 (FF)
  Source Clock:      clk rising
  Destination Clock: clk rising

  Data Path: counter_7 to anode_0
                                Gate     Net
    Cell:in->out      fanout   Delay   Delay  Logical Name (Net Name)
    ----------------------------------------  ------------
     FDR:C->Q              2   0.591   0.622  counter_7 (counter_7)
     LUT4:I0->O            1   0.704   0.499  anode_cmp_eq000025 (anode_cmp_eq000025)
     LUT2:I1->O            4   0.704   0.587  anode_cmp_eq000026 (anode_not0001_inv)
     FDRE:CE                   0.555          anode_0
    ----------------------------------------
    Total                      4.262ns (2.554ns logic, 1.708ns route)
                                       (59.9% logic, 40.1% route)

=========================================================================
Timing constraint: Default OFFSET IN BEFORE for Clock 'clk'
  Total number of paths / destination ports: 75 / 26
-------------------------------------------------------------------------
Offset:              4.168ns (Levels of Logic = 2)
  Source:            reset (PAD)
  Destination:       seg_0 (FF)
  Destination Clock: clk rising

  Data Path: reset to seg_0
                                Gate     Net
    Cell:in->out      fanout   Delay   Delay  Logical Name (Net Name)
    ----------------------------------------  ------------
     IBUF:I->O            13   1.218   0.983  reset_IBUF (reset_IBUF)
     INV:I->O              7   0.704   0.708  reset_inv1_INV_0 (reset_inv)
     FDE:CE                    0.555          seg_0
    ----------------------------------------
    Total                      4.168ns (2.477ns logic, 1.691ns route)
                                       (59.4% logic, 40.6% route)

=========================================================================
Timing constraint: Default OFFSET OUT AFTER for Clock 'clk'
  Total number of paths / destination ports: 11 / 11
-------------------------------------------------------------------------
Offset:              4.394ns (Levels of Logic = 1)
  Source:            anode_3 (FF)
  Destination:       an<3> (PAD)
  Source Clock:      clk rising

  Data Path: anode_3 to an<3>
                                Gate     Net
    Cell:in->out      fanout   Delay   Delay  Logical Name (Net Name)
    ----------------------------------------  ------------
     FDSE:C->Q             3   0.591   0.531  anode_3 (anode_3)
     OBUF:I->O                 3.272          an_3_OBUF (an<3>)
    ----------------------------------------
    Total                      4.394ns (3.863ns logic, 0.531ns route)
                                       (87.9% logic, 12.1% route)

=========================================================================


Total REAL time to Xst completion: 6.00 secs
Total CPU time to Xst completion: 5.77 secs
 
--> 

Total memory usage is 261292 kilobytes

Number of errors   :    0 (   0 filtered)
Number of warnings :    0 (   0 filtered)
Number of infos    :    1 (   0 filtered)

