#
# A fatal error has been detected by the Java Runtime Environment:
#
#  EXCEPTION_ACCESS_VIOLATION (0xc0000005) at pc=0x6d0b6b30, pid=3352, tid=3168
#
# JRE version: 6.0_23-b05
# Java VM: Java HotSpot(TM) Client VM (19.0-b09 mixed mode windows-x86 )
# Problematic frame:
# C  [awt.dll+0xb6b30]
#
# If you would like to submit a bug report, please visit:
#   http://java.sun.com/webapps/bugreport/crash.jsp
# The crash happened outside the Java Virtual Machine in native code.
# See problematic frame for where to report the bug.
#

---------------  T H R E A D  ---------------

Current thread (0x281ffc00):  JavaThread "AWT-Windows" daemon [_thread_in_native, id=3168, stack(0x29b10000,0x29b60000)]

siginfo: ExceptionCode=0xc0000005, reading address 0x00000000

Registers:
EAX=0x29b5fac8, EBX=0x28e71560, ECX=0x000003cc, EDX=0x000000c0
ESP=0x29b5fab0, EBP=0x76b01450, ESI=0x00000000, EDI=0x000000c0
EIP=0x6d0b6b30, EFLAGS=0x00010206

Register to memory mapping:

EAX=0x29b5fac8
0x29b5fac8 is pointing into the stack for thread: 0x281ffc00
"AWT-Windows" daemon prio=6 tid=0x281ffc00 nid=0xc60 runnable [0x29b5f000]
   java.lang.Thread.State: RUNNABLE

EBX=0x28e71560
0x28e71560 is pointing to unknown location

ECX=0x000003cc
0x000003cc is pointing to unknown location

EDX=0x000000c0
0x000000c0 is pointing to unknown location

ESP=0x29b5fab0
0x29b5fab0 is pointing into the stack for thread: 0x281ffc00
"AWT-Windows" daemon prio=6 tid=0x281ffc00 nid=0xc60 runnable [0x29b5f000]
   java.lang.Thread.State: RUNNABLE

EBP=0x76b01450
0x76b01450 is pointing to unknown location

ESI=0x00000000
0x00000000 is pointing to unknown location

EDI=0x000000c0
0x000000c0 is pointing to unknown location


Top of Stack: (sp=0x29b5fab0)
0x29b5fab0:   29b5fac8 00001000 00000000 28d39df8
0x29b5fac0:   00000001 29b5fab8 29b5fabc 6d0ae4fd
0x29b5fad0:   00000000 00000000 28d39df8 6d0ae5ca
0x29b5fae0:   00000000 28d39df8 00000001 6d0ae6ce
0x29b5faf0:   28d39df8 6d063812 28bcb0e8 00000000
0x29b5fb00:   6d0b0630 00000001 6d102f58 6d102940
0x29b5fb10:   28bcb0e8 6d0b1a32 6d102f50 6d0b1c19
0x29b5fb20:   6d09a4b3 00000000 00000c60 00000000 

Instructions: (pc=0x6d0b6b30)
0x6d0b6b20:   05 00 20 00 00 50 c1 e2 05 8d 44 24 14 50 8b fa
0x6d0b6b30:   8b 16 57 c1 e1 05 51 56 ff 52 2c 85 c0 0f 8c 93 


Stack: [0x29b10000,0x29b60000],  sp=0x29b5fab0,  free space=318k
Native frames: (J=compiled Java code, j=interpreted, Vv=VM code, C=native code)
C  [awt.dll+0xb6b30]

Java frames: (J=compiled Java code, j=interpreted, Vv=VM code)
j  sun.awt.windows.WToolkit.eventLoop()V+0
j  sun.awt.windows.WToolkit.run()V+52
j  java.lang.Thread.run()V+11
v  ~StubRoutines::call_stub

---------------  P R O C E S S  ---------------

Java Threads: ( => current thread )
  0x28fbb000 JavaThread "Thread-1" daemon [_thread_in_native, id=4808, stack(0x29bf0000,0x29c40000)]
  0x28fbbc00 JavaThread "Thread-24" [_thread_blocked, id=4668, stack(0x29b60000,0x29bb0000)]
  0x290fa400 JavaThread "TimerQueue" daemon [_thread_blocked, id=5680, stack(0x2bb10000,0x2bb60000)]
  0x28e2fc00 JavaThread "AWT-EventQueue-0" [_thread_blocked, id=3384, stack(0x2a040000,0x2a090000)]
  0x282a1800 JavaThread "AWT-Shutdown" [_thread_blocked, id=2404, stack(0x29a80000,0x29ad0000)]
  0x28202400 JavaThread "Command Watcher" daemon [_thread_blocked, id=2224, stack(0x29fb0000,0x2a000000)]
=>0x281ffc00 JavaThread "AWT-Windows" daemon [_thread_in_native, id=3168, stack(0x29b10000,0x29b60000)]
  0x28e4d800 JavaThread "Java2D Disposer" daemon [_thread_blocked, id=4496, stack(0x299f0000,0x29a40000)]
  0x2825a400 JavaThread "Low Memory Detector" daemon [_thread_blocked, id=5132, stack(0x28750000,0x287a0000)]
  0x2824d000 JavaThread "CompilerThread0" daemon [_thread_blocked, id=4260, stack(0x286c0000,0x28710000)]
  0x2824c000 JavaThread "Attach Listener" daemon [_thread_blocked, id=5168, stack(0x28630000,0x28680000)]
  0x28249000 JavaThread "Signal Dispatcher" daemon [_thread_blocked, id=2460, stack(0x285a0000,0x285f0000)]
  0x28219c00 JavaThread "Finalizer" daemon [_thread_blocked, id=5904, stack(0x28510000,0x28560000)]
  0x28215000 JavaThread "Reference Handler" daemon [_thread_blocked, id=4552, stack(0x28480000,0x284d0000)]
  0x00ef4000 JavaThread "main" [_thread_blocked, id=5368, stack(0x003a0000,0x003f0000)]

Other Threads:
  0x28212000 VMThread [stack: 0x283f0000,0x28440000] [id=4900]
  0x28274c00 WatcherThread [stack: 0x287e0000,0x28830000] [id=4172]

VM state:not at safepoint (normal execution)

VM Mutex/Monitor currently owned by a thread: None

Heap
 def new generation   total 24896K, used 5531K [0x04c90000, 0x06790000, 0x0f330000)
  eden space 22144K,  18% used [0x04c90000, 0x05080ea8, 0x06230000)
  from space 2752K,  54% used [0x064e0000, 0x06655ec0, 0x06790000)
  to   space 2752K,   0% used [0x06230000, 0x06230000, 0x064e0000)
 tenured generation   total 55220K, used 36898K [0x0f330000, 0x1291d000, 0x24090000)
   the space 55220K,  66% used [0x0f330000, 0x11738830, 0x11738a00, 0x1291d000)
 compacting perm gen  total 26368K, used 26246K [0x24090000, 0x25a50000, 0x28090000)
   the space 26368K,  99% used [0x24090000, 0x25a31918, 0x25a31a00, 0x25a50000)
No shared spaces configured.

Dynamic libraries:
0x00400000 - 0x00424000 	C:\altera\12.0sp1\quartus\bin\jre\bin\java.exe
0x77ab0000 - 0x77c30000 	C:\Windows\SysWOW64\ntdll.dll
0x76af0000 - 0x76bf0000 	C:\Windows\syswow64\kernel32.dll
0x76bf0000 - 0x76c36000 	C:\Windows\syswow64\KERNELBASE.dll
0x74b90000 - 0x74bcc000 	C:\Program Files\AVAST Software\Avast\snxhk.dll
0x76610000 - 0x766b0000 	C:\Windows\syswow64\ADVAPI32.dll
0x77330000 - 0x773dc000 	C:\Windows\syswow64\msvcrt.dll
0x773e0000 - 0x773f9000 	C:\Windows\SysWOW64\sechost.dll
0x767d0000 - 0x768c0000 	C:\Windows\syswow64\RPCRT4.dll
0x75620000 - 0x75680000 	C:\Windows\syswow64\SspiCli.dll
0x75610000 - 0x7561c000 	C:\Windows\syswow64\CRYPTBASE.dll
0x7c340000 - 0x7c396000 	C:\altera\12.0sp1\quartus\bin\jre\bin\msvcr71.dll
0x6d7f0000 - 0x6da9c000 	C:\altera\12.0sp1\quartus\bin\jre\bin\client\jvm.dll
0x75680000 - 0x75780000 	C:\Windows\syswow64\USER32.dll
0x77510000 - 0x775a0000 	C:\Windows\syswow64\GDI32.dll
0x770f0000 - 0x770fa000 	C:\Windows\syswow64\LPK.dll
0x769b0000 - 0x76a4d000 	C:\Windows\syswow64\USP10.dll
0x73000000 - 0x73032000 	C:\Windows\system32\WINMM.dll
0x763d0000 - 0x76430000 	C:\Windows\system32\IMM32.DLL
0x768e0000 - 0x769ac000 	C:\Windows\syswow64\MSCTF.dll
0x74e40000 - 0x74e8b000 	C:\Windows\system32\apphelp.dll
0x6d700000 - 0x6d722000 	C:\altera\12.0sp1\quartus\bin\jre\bin\splashscreen.dll
0x71aa0000 - 0x71b20000 	C:\Windows\system32\uxtheme.dll
0x6d7a0000 - 0x6d7ac000 	C:\altera\12.0sp1\quartus\bin\jre\bin\verify.dll
0x6d320000 - 0x6d33f000 	C:\altera\12.0sp1\quartus\bin\jre\bin\java.dll
0x76d50000 - 0x76eac000 	C:\Windows\system32\ole32.dll
0x6d280000 - 0x6d288000 	C:\altera\12.0sp1\quartus\bin\jre\bin\hpi.dll
0x003f0000 - 0x003f5000 	C:\Windows\syswow64\PSAPI.DLL
0x77400000 - 0x77483000 	C:\Windows\syswow64\CLBCatQ.DLL
0x77100000 - 0x7718f000 	C:\Windows\syswow64\OLEAUT32.dll
0x6d7e0000 - 0x6d7ef000 	C:\altera\12.0sp1\quartus\bin\jre\bin\zip.dll
0x00770000 - 0x00778000 	C:\Program Files (x86)\Internet Download Manager\idmmkb.dll
0x6d600000 - 0x6d613000 	C:\altera\12.0sp1\quartus\bin\jre\bin\net.dll
0x770b0000 - 0x770e5000 	C:\Windows\syswow64\WS2_32.dll
0x76c40000 - 0x76c46000 	C:\Windows\syswow64\NSI.dll
0x72cb0000 - 0x72cec000 	C:\Windows\system32\mswsock.dll
0x70660000 - 0x70666000 	C:\Windows\System32\wship6.dll
0x71210000 - 0x71220000 	C:\Windows\system32\NLAapi.dll
0x74ea0000 - 0x74ee4000 	C:\Windows\system32\DNSAPI.dll
0x71200000 - 0x71208000 	C:\Windows\System32\winrnr.dll
0x711f0000 - 0x71200000 	C:\Windows\system32\napinsp.dll
0x711d0000 - 0x711e2000 	C:\Windows\system32\pnrpnsp.dll
0x711c0000 - 0x711cd000 	C:\Windows\system32\wshbth.dll
0x71190000 - 0x711b1000 	C:\Program Files (x86)\Bonjour\mdnsNSP.dll
0x72950000 - 0x7296c000 	C:\Windows\system32\Iphlpapi.DLL
0x72940000 - 0x72947000 	C:\Windows\system32\WINNSI.DLL
0x71160000 - 0x71187000 	C:\Program Files (x86)\Common Files\Microsoft Shared\Windows Live\WLIDNSP.DLL
0x77190000 - 0x771e7000 	C:\Windows\syswow64\SHLWAPI.dll
0x72ca0000 - 0x72ca5000 	C:\Windows\System32\wshtcpip.dll
0x706b0000 - 0x706b6000 	C:\Windows\system32\rasadhlp.dll
0x707f0000 - 0x70828000 	C:\Windows\System32\fwpuclnt.dll
0x6d000000 - 0x6d14a000 	C:\altera\12.0sp1\quartus\bin\jre\bin\awt.dll
0x720b0000 - 0x72101000 	C:\Windows\system32\WINSPOOL.DRV
0x71e40000 - 0x71fde000 	C:\Windows\WinSxS\x86_microsoft.windows.common-controls_6595b64144ccf1df_6.0.7600.16661_none_420fe3fa2b8113bd\COMCTL32.dll
0x710d0000 - 0x710e3000 	C:\Windows\system32\DWMAPI.DLL
0x75780000 - 0x763c9000 	C:\Windows\syswow64\shell32.dll
0x6d230000 - 0x6d27f000 	C:\altera\12.0sp1\quartus\bin\jre\bin\fontmanager.dll
0x74690000 - 0x746a2000 	C:\Windows\system32\dhcpcsvc.DLL
0x74680000 - 0x7468d000 	C:\Windows\system32\dhcpcsvc6.DLL
0x6a850000 - 0x6aa13000 	C:\Windows\system32\d3d9.dll
0x752c0000 - 0x752c9000 	C:\Windows\system32\VERSION.dll
0x6d310000 - 0x6d316000 	C:\Windows\system32\d3d8thk.dll
0x68d30000 - 0x690a9000 	C:\Windows\system32\atiumdag.dll
0x6a480000 - 0x6a75b000 	C:\Windows\system32\atiumdva.dll
0x6d620000 - 0x6d629000 	C:\altera\12.0sp1\quartus\bin\jre\bin\nio.dll
0x6d1a0000 - 0x6d1c3000 	C:\altera\12.0sp1\quartus\bin\jre\bin\dcpr.dll
0x76430000 - 0x765cd000 	C:\Windows\syswow64\SETUPAPI.dll
0x765e0000 - 0x76607000 	C:\Windows\syswow64\CFGMGR32.dll
0x768c0000 - 0x768d2000 	C:\Windows\syswow64\DEVOBJ.dll
0x746b0000 - 0x747a5000 	C:\Windows\system32\propsys.dll
0x72cf0000 - 0x72d11000 	C:\Windows\system32\ntmarta.dll
0x77490000 - 0x774d5000 	C:\Windows\syswow64\WLDAP32.dll
0x66fb0000 - 0x67148000 	C:\Windows\system32\NetworkExplorer.dll
0x6ccb0000 - 0x6ccde000 	C:\Windows\System32\shdocvw.dll
0x72da0000 - 0x72dab000 	C:\Windows\system32\profapi.dll
0x74880000 - 0x7488a000 	C:\Windows\system32\slc.dll
0x74580000 - 0x7467b000 	C:\Windows\system32\WindowsCodecs.dll
0x74540000 - 0x74576000 	C:\Users\krr\AppData\Local\Microsoft\SkyDrive\16.4.6013.0910\SkyDriveShell.dll
0x744b0000 - 0x74535000 	C:\Users\krr\AppData\Local\Microsoft\SkyDrive\16.4.6013.0910\MSVCP110.dll
0x743d0000 - 0x744a2000 	C:\Users\krr\AppData\Local\Microsoft\SkyDrive\16.4.6013.0910\MSVCR110.dll
0x74330000 - 0x743b5000 	C:\Users\krr\AppData\Local\Microsoft\SkyDrive\16.4.6013.0910\Telemetry.dll
0x74320000 - 0x7432a000 	C:\Users\krr\AppData\Local\Microsoft\SkyDrive\16.4.6013.0910\logging.dll
0x742c0000 - 0x74312000 	C:\Windows\system32\faultrep.dll
0x752d0000 - 0x752d7000 	C:\Windows\system32\WSOCK32.dll
0x742a0000 - 0x742b5000 	C:\Windows\system32\Cabinet.dll
0x71100000 - 0x71158000 	C:\Windows\system32\WINHTTP.dll
0x70830000 - 0x7087f000 	C:\Windows\system32\webio.dll
0x74270000 - 0x7429f000 	C:\Windows\system32\XmlLite.dll
0x76c50000 - 0x76d45000 	C:\Windows\syswow64\WININET.dll
0x771f0000 - 0x77326000 	C:\Windows\syswow64\urlmon.dll
0x766b0000 - 0x767ce000 	C:\Windows\syswow64\CRYPT32.dll
0x765d0000 - 0x765dc000 	C:\Windows\syswow64\MSASN1.dll
0x76eb0000 - 0x770ad000 	C:\Windows\syswow64\iertutil.dll
0x2bb90000 - 0x2bbb2000 	C:\Users\krr\AppData\Roaming\Dropbox\bin\DropboxExt.19.dll
0x751c0000 - 0x752ab000 	C:\Windows\system32\dbghelp.dll
0x75350000 - 0x753de000 	C:\Windows\WinSxS\x86_microsoft.vc90.crt_1fc8b3b9a1e18e3b_9.0.30729.6161_none_50934f2ebcb7eb57\MSVCP90.dll
0x753e0000 - 0x75483000 	C:\Windows\WinSxS\x86_microsoft.vc90.crt_1fc8b3b9a1e18e3b_9.0.30729.6161_none_50934f2ebcb7eb57\MSVCR90.dll
0x73e60000 - 0x73e91000 	C:\Windows\system32\EhStorShell.dll
0x70cc0000 - 0x710cb000 	C:\PROGRA~2\MICROS~1\Office14\GROOVEEX.DLL
0x73ee0000 - 0x73f0b000 	C:\Windows\WinSxS\x86_microsoft.vc90.atl_1fc8b3b9a1e18e3b_9.0.30729.6161_none_51cd0a7abbe4e19b\ATL90.DLL
0x73a50000 - 0x73e5f000 	C:\PROGRA~2\COMMON~1\MICROS~1\OFFICE14\Cultures\office.odf
0x6fdf0000 - 0x70654000 	C:\PROGRA~2\MICROS~1\Office14\1033\GrooveIntlResource.dll
0x6fc80000 - 0x6fc92000 	C:\Windows\system32\MPR.dll
0x6cca0000 - 0x6cca8000 	C:\Windows\System32\drprov.dll
0x72600000 - 0x72629000 	C:\Windows\System32\WINSTA.dll
0x68630000 - 0x68644000 	C:\Windows\System32\ntlanman.dll
0x68610000 - 0x68627000 	C:\Windows\System32\davclnt.dll
0x6cbc0000 - 0x6cbc8000 	C:\Windows\System32\DAVHLPR.dll
0x75140000 - 0x7514f000 	C:\Windows\system32\wkscli.dll
0x75130000 - 0x7513b000 	C:\Windows\system32\cscapi.dll
0x72380000 - 0x72389000 	C:\Windows\system32\netutils.dll
0x68580000 - 0x68609000 	C:\Windows\system32\PortableDeviceApi.dll
0x77600000 - 0x7762d000 	C:\Windows\syswow64\WINTRUST.dll
0x68400000 - 0x68422000 	C:\Windows\system32\EhStorAPI.dll
0x6fcd0000 - 0x6fcd9000 	C:\Windows\system32\LINKINFO.dll
0x6b6a0000 - 0x6c126000 	C:\Windows\SysWOW64\ieframe.dll
0x70720000 - 0x7075c000 	C:\Windows\SysWOW64\OLEACC.dll
0x68650000 - 0x686ef000 	C:\Windows\system32\SearchFolder.dll
0x68740000 - 0x6879c000 	C:\Windows\System32\StructuredQuery.dll
0x732e0000 - 0x732e8000 	C:\Windows\System32\Secur32.dll
0x72350000 - 0x7235f000 	C:\Windows\system32\samcli.dll
0x6cd30000 - 0x6cd42000 	C:\Windows\system32\SAMLIB.dll
0x72090000 - 0x720a6000 	C:\Windows\system32\CRYPTSP.dll
0x72050000 - 0x7208b000 	C:\Windows\system32\rsaenh.dll
0x72d40000 - 0x72d57000 	C:\Windows\system32\USERENV.dll

VM Arguments:
jvm_args: -Xmx500m 
java_command: com.altera.ipedit.QsysEditorApp --project-dir=C:/Users/krr/Desktop/vhdl/vga/ --system-info=DEVICE_FAMILY=Cyclone II --system-info=DEVICE=AUTO --host-controller
Launcher Type: SUN_STANDARD

Environment Variables:
PATH=C:/altera/12.0sp1/quartus/bin;c:\altera\12.0sp1\quartus\bin\;C:\Program Files (x86)\PC Connectivity Solution\;C:\Program Files\Common Files\Microsoft Shared\Windows Live;C:\Program Files (x86)\Common Files\Microsoft Shared\Windows Live;C:\Windows\system32;C:\Windows;C:\Windows\System32\Wbem;C:\Windows\System32\WindowsPowerShell\v1.0\;C:\Program Files (x86)\ATI Technologies\ATI.ACE\Core-Static;C:\Program Files\WIDCOMM\Bluetooth Software\;C:\Program Files\WIDCOMM\Bluetooth Software\syswow64;C:\Program Files\MATLAB\R2012a\runtime\win64;C:\Program Files\MATLAB\R2012a\bin;C:\Program Files (x86)\Microsoft SQL Server\100\Tools\Binn\;C:\Program Files\Microsoft SQL Server\100\Tools\Binn\;C:\Program Files\Microsoft SQL Server\100\DTS\Binn\;C:\opencv243\build\x86\vc10\bin;C:\OpenCV2.2\bin;C:\Program Files (x86)\Windows Live\Shared;C:\mysql\bin;c:\altera\12.0\modelsim_ase\win32aloem;C:\Program Files (x86)\OpenVPN\bin
USERNAME=krr
OS=Windows_NT
PROCESSOR_IDENTIFIER=Intel64 Family 6 Model 23 Stepping 10, GenuineIntel



---------------  S Y S T E M  ---------------

OS: Windows 7 Build 7600 

CPU:total 2 (2 cores per cpu, 1 threads per core) family 6 model 23 stepping 10, cmov, cx8, fxsr, mmx, sse, sse2, sse3, ssse3, sse4.1

Memory: 4k page, physical 4158404k(2107576k free), swap 8314908k(5813260k free)

vm_info: Java HotSpot(TM) Client VM (19.0-b09) for windows-x86 JRE (1.6.0_23-b05), built on Nov 12 2010 15:00:43 by "java_re" with MS VC++ 7.1 (VS2003)

time: Wed Sep 04 23:21:20 2013
elapsed time: 13000 seconds

