Flow report for vga
Mon Oct 07 16:24:42 2013
Quartus II 32-bit Version 12.0 Build 263 08/02/2012 Service Pack 2 SJ Web Edition


---------------------
; Table of Contents ;
---------------------
  1. Legal Notice
  2. Flow Summary
  3. Flow Settings
  4. Flow Non-Default Global Settings
  5. Flow Elapsed Time
  6. Flow OS Summary
  7. Flow Log



----------------
; Legal Notice ;
----------------
Copyright (C) 1991-2012 Altera Corporation
Your use of Altera Corporation's design tools, logic functions 
and other software and tools, and its AMPP partner logic 
functions, and any output files from any of the foregoing 
(including device programming or simulation files), and any 
associated documentation or information are expressly subject 
to the terms and conditions of the Altera Program License 
Subscription Agreement, Altera MegaCore Function License 
Agreement, or other applicable license agreement, including, 
without limitation, that your use is for the sole purpose of 
programming logic devices manufactured by Altera and sold by 
Altera or its authorized distributors.  Please refer to the 
applicable agreement for further details.



+------------------------------------------------------------------------------------+
; Flow Summary                                                                       ;
+------------------------------------+-----------------------------------------------+
; Flow Status                        ; Successful - Mon Oct 07 16:24:42 2013         ;
; Quartus II 32-bit Version          ; 12.0 Build 263 08/02/2012 SP 2 SJ Web Edition ;
; Revision Name                      ; vga                                           ;
; Top-level Entity Name              ; vga                                           ;
; Family                             ; Cyclone II                                    ;
; Device                             ; EP2C20F484C7                                  ;
; Timing Models                      ; Final                                         ;
; Total logic elements               ; 244 / 18,752 ( 1 % )                          ;
;     Total combinational functions  ; 244 / 18,752 ( 1 % )                          ;
;     Dedicated logic registers      ; 70 / 18,752 ( < 1 % )                         ;
; Total registers                    ; 70                                            ;
; Total pins                         ; 22 / 315 ( 7 % )                              ;
; Total virtual pins                 ; 0                                             ;
; Total memory bits                  ; 0 / 239,616 ( 0 % )                           ;
; Embedded Multiplier 9-bit elements ; 0 / 52 ( 0 % )                                ;
; Total PLLs                         ; 1 / 4 ( 25 % )                                ;
+------------------------------------+-----------------------------------------------+


+-----------------------------------------+
; Flow Settings                           ;
+-------------------+---------------------+
; Option            ; Setting             ;
+-------------------+---------------------+
; Start date & time ; 10/07/2013 16:24:15 ;
; Main task         ; Compilation         ;
; Revision Name     ; vga                 ;
+-------------------+---------------------+


+---------------------------------------------------------------------------------------------------------------------------------------------+
; Flow Non-Default Global Settings                                                                                                            ;
+-------------------------------------+-------------------------------------------------------+---------------+--------------+----------------+
; Assignment Name                     ; Value                                                 ; Default Value ; Entity Name  ; Section Id     ;
+-------------------------------------+-------------------------------------------------------+---------------+--------------+----------------+
; COMPILER_SIGNATURE_ID               ; 1097946535031.138114325504972                         ; --            ; --           ; --             ;
; EDA_OUTPUT_DATA_FORMAT              ; Vhdl                                                  ; --            ; --           ; eda_simulation ;
; EDA_SIMULATION_TOOL                 ; ModelSim-Altera (VHDL)                                ; <None>        ; --           ; --             ;
; IP_TOOL_ENV                         ; qsys                                                  ; --            ; pll          ; --             ;
; IP_TOOL_ENV                         ; qsys                                                  ; --            ; pll_altpll_0 ; --             ;
; IP_TOOL_NAME                        ; qsys                                                  ; --            ; pll          ; --             ;
; IP_TOOL_NAME                        ; altpll                                                ; --            ; pll_altpll_0 ; --             ;
; IP_TOOL_VERSION                     ; 12.0sp1                                               ; --            ; pll          ; --             ;
; IP_TOOL_VERSION                     ; 12.0                                                  ; --            ; pll_altpll_0 ; --             ;
; MAX_CORE_JUNCTION_TEMP              ; 85                                                    ; --            ; --           ; --             ;
; MIN_CORE_JUNCTION_TEMP              ; 0                                                     ; --            ; --           ; --             ;
; MISC_FILE                           ; pll/synthesis/../../pll.sopcinfo                      ; --            ; --           ; --             ;
; MISC_FILE                           ; pll/synthesis/../../pll.qsys                          ; --            ; --           ; --             ;
; PARTITION_COLOR                     ; 16764057                                              ; --            ; --           ; Top            ;
; PARTITION_FITTER_PRESERVATION_LEVEL ; PLACEMENT_AND_ROUTING                                 ; --            ; --           ; Top            ;
; PARTITION_NETLIST_TYPE              ; SOURCE                                                ; --            ; --           ; Top            ;
; SLD_INFO                            ; QSYS_NAME pll HAS_SOPCINFO 1 GENERATION_ID 1378304755 ; --            ; pll          ; --             ;
; SYNTHESIS_ONLY_QIP                  ; On                                                    ; --            ; --           ; --             ;
+-------------------------------------+-------------------------------------------------------+---------------+--------------+----------------+


+-------------------------------------------------------------------------------------------------------------------------------+
; Flow Elapsed Time                                                                                                             ;
+---------------------------+--------------+-------------------------+---------------------+------------------------------------+
; Module Name               ; Elapsed Time ; Average Processors Used ; Peak Virtual Memory ; Total CPU Time (on all processors) ;
+---------------------------+--------------+-------------------------+---------------------+------------------------------------+
; Analysis & Synthesis      ; 00:00:07     ; 1.0                     ; 350 MB              ; 00:00:03                           ;
; Fitter                    ; 00:00:10     ; 1.0                     ; 404 MB              ; 00:00:06                           ;
; TimeQuest Timing Analyzer ; 00:00:03     ; 1.0                     ; 308 MB              ; 00:00:02                           ;
; Assembler                 ; 00:00:03     ; 1.0                     ; 335 MB              ; 00:00:02                           ;
; EDA Netlist Writer        ; 00:00:01     ; 1.0                     ; 291 MB              ; 00:00:01                           ;
; Total                     ; 00:00:24     ; --                      ; --                  ; 00:00:14                           ;
+---------------------------+--------------+-------------------------+---------------------+------------------------------------+


+----------------------------------------------------------------------------------------+
; Flow OS Summary                                                                        ;
+---------------------------+------------------+-----------+------------+----------------+
; Module Name               ; Machine Hostname ; OS Name   ; OS Version ; Processor type ;
+---------------------------+------------------+-----------+------------+----------------+
; Analysis & Synthesis      ; Jashwanth-PC     ; Windows 7 ; 6.1        ; x86_64         ;
; Fitter                    ; Jashwanth-PC     ; Windows 7 ; 6.1        ; x86_64         ;
; TimeQuest Timing Analyzer ; Jashwanth-PC     ; Windows 7 ; 6.1        ; x86_64         ;
; Assembler                 ; Jashwanth-PC     ; Windows 7 ; 6.1        ; x86_64         ;
; EDA Netlist Writer        ; Jashwanth-PC     ; Windows 7 ; 6.1        ; x86_64         ;
+---------------------------+------------------+-----------+------------+----------------+


------------
; Flow Log ;
------------
quartus_map --read_settings_files=on --write_settings_files=off vga -c vga
quartus_fit --read_settings_files=off --write_settings_files=off vga -c vga
quartus_sta vga -c vga
quartus_asm --read_settings_files=off --write_settings_files=off vga -c vga
quartus_eda --read_settings_files=off --write_settings_files=off vga -c vga



