Flow report for lights
Sat Apr 06 11:02:05 2013
Quartus II 32-bit Version 12.0 Build 263 08/02/2012 Service Pack 2 SJ Web Edition


---------------------
; Table of Contents ;
---------------------
  1. Legal Notice
  2. Flow Summary
  3. Flow Settings
  4. Flow Non-Default Global Settings
  5. Flow Elapsed Time
  6. Flow OS Summary
  7. Flow Log



----------------
; Legal Notice ;
----------------
Copyright (C) 1991-2012 Altera Corporation
Your use of Altera Corporation's design tools, logic functions 
and other software and tools, and its AMPP partner logic 
functions, and any output files from any of the foregoing 
(including device programming or simulation files), and any 
associated documentation or information are expressly subject 
to the terms and conditions of the Altera Program License 
Subscription Agreement, Altera MegaCore Function License 
Agreement, or other applicable license agreement, including, 
without limitation, that your use is for the sole purpose of 
programming logic devices manufactured by Altera and sold by 
Altera or its authorized distributors.  Please refer to the 
applicable agreement for further details.



+------------------------------------------------------------------------------------+
; Flow Summary                                                                       ;
+------------------------------------+-----------------------------------------------+
; Flow Status                        ; Successful - Sat Apr 06 11:02:05 2013         ;
; Quartus II 32-bit Version          ; 12.0 Build 263 08/02/2012 SP 2 SJ Web Edition ;
; Revision Name                      ; lights                                        ;
; Top-level Entity Name              ; lights                                        ;
; Family                             ; Cyclone II                                    ;
; Device                             ; EP2C20F484C7                                  ;
; Timing Models                      ; Final                                         ;
; Total logic elements               ; 2,092 / 18,752 ( 11 % )                       ;
;     Total combinational functions  ; 1,944 / 18,752 ( 10 % )                       ;
;     Dedicated logic registers      ; 1,016 / 18,752 ( 5 % )                        ;
; Total registers                    ; 1064                                          ;
; Total pins                         ; 56 / 315 ( 18 % )                             ;
; Total virtual pins                 ; 0                                             ;
; Total memory bits                  ; 76,800 / 239,616 ( 32 % )                     ;
; Embedded Multiplier 9-bit elements ; 0 / 52 ( 0 % )                                ;
; Total PLLs                         ; 0 / 4 ( 0 % )                                 ;
+------------------------------------+-----------------------------------------------+


+-----------------------------------------+
; Flow Settings                           ;
+-------------------+---------------------+
; Option            ; Setting             ;
+-------------------+---------------------+
; Start date & time ; 04/06/2013 11:00:18 ;
; Main task         ; Compilation         ;
; Revision Name     ; lights              ;
+-------------------+---------------------+


+----------------------------------------------------------------------------------------------------------------+
; Flow Non-Default Global Settings                                                                               ;
+-------------------------------------+-------------------------------+---------------+-------------+------------+
; Assignment Name                     ; Value                         ; Default Value ; Entity Name ; Section Id ;
+-------------------------------------+-------------------------------+---------------+-------------+------------+
; COMPILER_SIGNATURE_ID               ; 1097946535031.136522621608772 ; --            ; --          ; --         ;
; IP_TOOL_ENV                         ; sopc                          ; --            ; nios_system ; --         ;
; IP_TOOL_NAME                        ; ALTPLL                        ; --            ; --          ; --         ;
; IP_TOOL_NAME                        ; sopc                          ; --            ; nios_system ; --         ;
; IP_TOOL_VERSION                     ; 12.0                          ; --            ; --          ; --         ;
; IP_TOOL_VERSION                     ; 12.0sp2                       ; --            ; nios_system ; --         ;
; MAX_CORE_JUNCTION_TEMP              ; 85                            ; --            ; --          ; --         ;
; MIN_CORE_JUNCTION_TEMP              ; 0                             ; --            ; --          ; --         ;
; MISC_FILE                           ; sdram_1_pll.cmp               ; --            ; --          ; --         ;
; MISC_FILE                           ; sdram_1_pll.ppf               ; --            ; --          ; --         ;
; PARTITION_COLOR                     ; 16764057                      ; --            ; --          ; Top        ;
; PARTITION_FITTER_PRESERVATION_LEVEL ; PLACEMENT_AND_ROUTING         ; --            ; --          ; Top        ;
; PARTITION_NETLIST_TYPE              ; SOURCE                        ; --            ; --          ; Top        ;
; SOPC_BUILDER_SIGNATURE_ID           ; 782BCBD2A2C00000013DDD75B3CE  ; --            ; --          ; --         ;
+-------------------------------------+-------------------------------+---------------+-------------+------------+


+-------------------------------------------------------------------------------------------------------------------------------+
; Flow Elapsed Time                                                                                                             ;
+---------------------------+--------------+-------------------------+---------------------+------------------------------------+
; Module Name               ; Elapsed Time ; Average Processors Used ; Peak Virtual Memory ; Total CPU Time (on all processors) ;
+---------------------------+--------------+-------------------------+---------------------+------------------------------------+
; Analysis & Synthesis      ; 00:00:23     ; 1.0                     ; 393 MB              ; 00:00:22                           ;
; Fitter                    ; 00:00:19     ; 1.0                     ; 442 MB              ; 00:00:18                           ;
; TimeQuest Timing Analyzer ; 00:00:03     ; 1.0                     ; 320 MB              ; 00:00:02                           ;
; Assembler                 ; 00:00:03     ; 1.0                     ; 340 MB              ; 00:00:03                           ;
; Total                     ; 00:00:48     ; --                      ; --                  ; 00:00:45                           ;
+---------------------------+--------------+-------------------------+---------------------+------------------------------------+


+----------------------------------------------------------------------------------------+
; Flow OS Summary                                                                        ;
+---------------------------+------------------+-----------+------------+----------------+
; Module Name               ; Machine Hostname ; OS Name   ; OS Version ; Processor type ;
+---------------------------+------------------+-----------+------------+----------------+
; Analysis & Synthesis      ; Jashwanth-PC     ; Windows 7 ; 6.1        ; x86_64         ;
; Fitter                    ; Jashwanth-PC     ; Windows 7 ; 6.1        ; x86_64         ;
; TimeQuest Timing Analyzer ; Jashwanth-PC     ; Windows 7 ; 6.1        ; x86_64         ;
; Assembler                 ; Jashwanth-PC     ; Windows 7 ; 6.1        ; x86_64         ;
+---------------------------+------------------+-----------+------------+----------------+


------------
; Flow Log ;
------------
quartus_map --read_settings_files=on --write_settings_files=off lights -c lights
quartus_fit --read_settings_files=off --write_settings_files=off lights -c lights
quartus_sta lights -c lights
quartus_asm --read_settings_files=off --write_settings_files=off lights -c lights



