   1               		.file	"exp1.c"
   2               	__SREG__ = 0x3f
   3               	__SP_H__ = 0x3e
   4               	__SP_L__ = 0x3d
   5               	__CCP__  = 0x34
   6               	__tmp_reg__ = 0
   7               	__zero_reg__ = 1
  15               	.Ltext0:
  16               	.global	main
  18               	main:
  19               	.LFB2:
  20               	.LM1:
  21               	/* prologue: function */
  22               	/* frame size = 0 */
  23               	.LM2:
  24 0000 3BEF      		ldi r19,lo8(-5)
  25               	.LM3:
  26 0002 62E0      		ldi r22,lo8(2)
  27 0004 70E0      		ldi r23,hi8(2)
  28               	.L3:
  29               	.LM4:
  30 0006 3ABB      		out 58-32,r19
  31               	.LM5:
  32 0008 1BBA      		out 59-32,__zero_reg__
  33 000a 43E0      		ldi r20,lo8(3)
  34 000c 50E0      		ldi r21,hi8(3)
  35               	.L2:
  36               	.LM6:
  37 000e 9BB3      		in r25,59-32
  38 0010 842F      		mov r24,r20
  39 0012 8350      		subi r24,lo8(-(-3))
  40 0014 892B      		or r24,r25
  41 0016 8BBB      		out 59-32,r24
  42               	.LM7:
  43 0018 2BB3      		in r18,59-32
  44 001a CB01      		movw r24,r22
  45 001c 042E      		mov r0,r20
  46 001e 00C0      		rjmp 2f
  47 0020 880F      	1:	lsl r24
  48 0022 991F      		rol r25
  49 0024 0A94      	2:	dec r0
  50 0026 02F4      		brpl 1b
  51 0028 282B      		or r18,r24
  52 002a 2BBB      		out 59-32,r18
  53 002c 4F5F      		subi r20,lo8(-(1))
  54 002e 5F4F      		sbci r21,hi8(-(1))
  55               	.LM8:
  56 0030 4730      		cpi r20,7
  57 0032 5105      		cpc r21,__zero_reg__
  58 0034 01F4      		brne .L2
  59 0036 00C0      		rjmp .L3
  60               	.LFE2:
  86               	.Letext0:
DEFINED SYMBOLS
                            *ABS*:00000000 exp1.c
C:\Users\JASHWA~1\AppData\Local\Temp/ccY7wORb.s:2      *ABS*:0000003f __SREG__
C:\Users\JASHWA~1\AppData\Local\Temp/ccY7wORb.s:3      *ABS*:0000003e __SP_H__
C:\Users\JASHWA~1\AppData\Local\Temp/ccY7wORb.s:4      *ABS*:0000003d __SP_L__
C:\Users\JASHWA~1\AppData\Local\Temp/ccY7wORb.s:5      *ABS*:00000034 __CCP__
C:\Users\JASHWA~1\AppData\Local\Temp/ccY7wORb.s:6      *ABS*:00000000 __tmp_reg__
C:\Users\JASHWA~1\AppData\Local\Temp/ccY7wORb.s:7      *ABS*:00000001 __zero_reg__
C:\Users\JASHWA~1\AppData\Local\Temp/ccY7wORb.s:18     .text:00000000 main

NO UNDEFINED SYMBOLS
