Flow report for myArkanoid
Mon Sep 16 23:32:16 2013
Quartus II 32-bit Version 12.0 Build 263 08/02/2012 Service Pack 2 SJ Web Edition


---------------------
; Table of Contents ;
---------------------
  1. Legal Notice
  2. Flow Summary
  3. Flow Settings
  4. Flow Non-Default Global Settings
  5. Flow Elapsed Time
  6. Flow OS Summary
  7. Flow Log



----------------
; Legal Notice ;
----------------
Copyright (C) 1991-2012 Altera Corporation
Your use of Altera Corporation's design tools, logic functions 
and other software and tools, and its AMPP partner logic 
functions, and any output files from any of the foregoing 
(including device programming or simulation files), and any 
associated documentation or information are expressly subject 
to the terms and conditions of the Altera Program License 
Subscription Agreement, Altera MegaCore Function License 
Agreement, or other applicable license agreement, including, 
without limitation, that your use is for the sole purpose of 
programming logic devices manufactured by Altera and sold by 
Altera or its authorized distributors.  Please refer to the 
applicable agreement for further details.



+------------------------------------------------------------------------------------+
; Flow Summary                                                                       ;
+------------------------------------+-----------------------------------------------+
; Flow Status                        ; Flow Failed - Mon Sep 16 23:32:16 2013        ;
; Quartus II 32-bit Version          ; 12.0 Build 263 08/02/2012 SP 2 SJ Web Edition ;
; Revision Name                      ; myArkanoid                                    ;
; Top-level Entity Name              ; myArkanoidSchematic                           ;
; Family                             ; Cyclone II                                    ;
; Device                             ; EP2C20F484C7                                  ;
; Timing Models                      ; Final                                         ;
; Total logic elements               ; 19,365 / 18,752 ( 103 % )                     ;
;     Total combinational functions  ; 19,363 / 18,752 ( 103 % )                     ;
;     Dedicated logic registers      ; 408 / 18,752 ( 2 % )                          ;
; Total registers                    ; 408                                           ;
; Total pins                         ; 47 / 315 ( 15 % )                             ;
; Total virtual pins                 ; 0                                             ;
; Total memory bits                  ; 9,600 / 239,616 ( 4 % )                       ;
; Embedded Multiplier 9-bit elements ; 0 / 52 ( 0 % )                                ;
; Total PLLs                         ; 0 / 4 ( 0 % )                                 ;
+------------------------------------+-----------------------------------------------+


+-----------------------------------------+
; Flow Settings                           ;
+-------------------+---------------------+
; Option            ; Setting             ;
+-------------------+---------------------+
; Start date & time ; 09/16/2013 23:19:36 ;
; Main task         ; Compilation         ;
; Revision Name     ; myArkanoid          ;
+-------------------+---------------------+


+----------------------------------------------------------------------------------------------------------------------------------------+
; Flow Non-Default Global Settings                                                                                                       ;
+-------------------------------------------------+-------------------------------+---------------+---------------------+----------------+
; Assignment Name                                 ; Value                         ; Default Value ; Entity Name         ; Section Id     ;
+-------------------------------------------------+-------------------------------+---------------+---------------------+----------------+
; ADV_NETLIST_OPT_SYNTH_WYSIWYG_REMAP             ; On                            ; Off           ; --                  ; --             ;
; ALLOW_ANY_RAM_SIZE_FOR_RECOGNITION              ; On                            ; Off           ; --                  ; --             ;
; ALLOW_ANY_ROM_SIZE_FOR_RECOGNITION              ; On                            ; Off           ; --                  ; --             ;
; ALLOW_ANY_SHIFT_REGISTER_SIZE_FOR_RECOGNITION   ; On                            ; Off           ; --                  ; --             ;
; AUTO_SHIFT_REGISTER_RECOGNITION                 ; Always                        ; Auto          ; --                  ; --             ;
; COMPILER_SIGNATURE_ID                           ; 1097946535031.137935377606172 ; --            ; --                  ; --             ;
; CYCLONEII_OPTIMIZATION_TECHNIQUE                ; Area                          ; Balanced      ; --                  ; --             ;
; IGNORE_CASCADE_BUFFERS                          ; On                            ; Off           ; --                  ; --             ;
; IGNORE_LCELL_BUFFERS                            ; On                            ; Off           ; --                  ; --             ;
; MAX_CORE_JUNCTION_TEMP                          ; 85                            ; --            ; --                  ; --             ;
; MIN_CORE_JUNCTION_TEMP                          ; 0                             ; --            ; --                  ; --             ;
; MUX_RESTRUCTURE                                 ; On                            ; Auto          ; --                  ; --             ;
; PARTITION_COLOR                                 ; 16764057                      ; --            ; myArkanoidSchematic ; Top            ;
; PARTITION_FITTER_PRESERVATION_LEVEL             ; PLACEMENT_AND_ROUTING         ; --            ; myArkanoidSchematic ; Top            ;
; PARTITION_NETLIST_TYPE                          ; SOURCE                        ; --            ; myArkanoidSchematic ; Top            ;
; PHYSICAL_SYNTHESIS_COMBO_LOGIC_FOR_AREA         ; On                            ; Off           ; --                  ; --             ;
; PHYSICAL_SYNTHESIS_MAP_LOGIC_TO_MEMORY_FOR_AREA ; On                            ; Off           ; --                  ; --             ;
; REMOVE_REDUNDANT_LOGIC_CELLS                    ; On                            ; Off           ; --                  ; --             ;
; TOP_LEVEL_ENTITY                                ; myArkanoidSchematic           ; myArkanoid    ; --                  ; --             ;
; USE_GENERATED_PHYSICAL_CONSTRAINTS              ; Off                           ; --            ; --                  ; eda_blast_fpga ;
+-------------------------------------------------+-------------------------------+---------------+---------------------+----------------+


+--------------------------------------------------------------------------------------------------------------------------+
; Flow Elapsed Time                                                                                                        ;
+----------------------+--------------+-------------------------+---------------------+------------------------------------+
; Module Name          ; Elapsed Time ; Average Processors Used ; Peak Virtual Memory ; Total CPU Time (on all processors) ;
+----------------------+--------------+-------------------------+---------------------+------------------------------------+
; Analysis & Synthesis ; 00:07:49     ; 1.0                     ; 420 MB              ; 00:07:37                           ;
; Fitter               ; 00:04:44     ; 1.0                     ; 457 MB              ; 00:04:27                           ;
; Total                ; 00:12:33     ; --                      ; --                  ; 00:12:04                           ;
+----------------------+--------------+-------------------------+---------------------+------------------------------------+


+-----------------------------------------------------------------------------------+
; Flow OS Summary                                                                   ;
+----------------------+------------------+-----------+------------+----------------+
; Module Name          ; Machine Hostname ; OS Name   ; OS Version ; Processor type ;
+----------------------+------------------+-----------+------------+----------------+
; Analysis & Synthesis ; Jashwanth-PC     ; Windows 7 ; 6.1        ; x86_64         ;
; Fitter               ; Jashwanth-PC     ; Windows 7 ; 6.1        ; x86_64         ;
+----------------------+------------------+-----------+------------+----------------+


------------
; Flow Log ;
------------
quartus_map --read_settings_files=on --write_settings_files=off myArkanoid -c myArkanoid
quartus_fit --read_settings_files=off --write_settings_files=off myArkanoid -c myArkanoid



